#
# There is insufficient memory for the Java Runtime Environment to continue.
# Native memory allocation (malloc) failed to allocate 1077776 bytes for Chunk::new
# Possible reasons:
#   The system is out of physical RAM or swap space
#   The process is running with CompressedOops enabled, and the Java Heap may be blocking the growth of the native heap
# Possible solutions:
#   Reduce memory load on the system
#   Increase physical memory or swap space
#   Check if swap backing store is full
#   Decrease Java heap size (-Xmx/-Xms)
#   Decrease number of Java threads
#   Decrease Java thread stack sizes (-Xss)
#   Set larger code cache with -XX:ReservedCodeCacheSize=
#   JVM is running with Unscaled Compressed Oops mode in which the Java heap is
#     placed in the first 4GB address space. The Java Heap base address is the
#     maximum limit for the native heap growth. Please use -XX:HeapBaseMinAddress
#     to set the Java Heap base and to place the Java Heap above 4GB virtual address.
# This output file may be truncated or incomplete.
#
#  Out of Memory Error (arena.cpp:168), pid=108456, tid=104572
#
# JRE version: Java(TM) SE Runtime Environment (21.0.2+13) (build 21.0.2+13-LTS-58)
# Java VM: Java HotSpot(TM) 64-Bit Server VM (21.0.2+13-LTS-58, mixed mode, sharing, tiered, compressed oops, compressed class ptrs, g1 gc, windows-amd64)
# No core dump will be written. Minidumps are not enabled by default on client versions of Windows
#

---------------  S U M M A R Y ------------

Command Line: --add-opens=java.base/java.lang=ALL-UNNAMED --add-opens=java.base/java.lang.invoke=ALL-UNNAMED --add-opens=java.base/java.util=ALL-UNNAMED --add-opens=java.prefs/java.util.prefs=ALL-UNNAMED --add-exports=jdk.compiler/com.sun.tools.javac.api=ALL-UNNAMED --add-exports=jdk.compiler/com.sun.tools.javac.util=ALL-UNNAMED --add-opens=java.base/java.util=ALL-UNNAMED --add-opens=java.prefs/java.util.prefs=ALL-UNNAMED --add-opens=java.base/java.nio.charset=ALL-UNNAMED --add-opens=java.base/java.net=ALL-UNNAMED --add-opens=java.base/java.util.concurrent=ALL-UNNAMED --add-opens=java.base/java.util.concurrent.atomic=ALL-UNNAMED --add-opens=java.xml/javax.xml.namespace=ALL-UNNAMED --add-opens=java.base/java.time=ALL-UNNAMED -XX:MaxMetaspaceSize=384m -XX:+HeapDumpOnOutOfMemoryError -Xms256m -Xmx512m -Dfile.encoding=UTF-8 -Duser.country=FR -Duser.language=fr -Duser.variant -javaagent:C:\Users\simpa\.gradle\wrapper\dists\gradle-9.2.1-bin\2t0n5ozlw9xmuyvbp7dnzaxug\gradle-9.2.1\lib\agents\gradle-instrumentation-agent-9.2.1.jar org.gradle.launcher.daemon.bootstrap.GradleDaemon 9.2.1

Host: 11th Gen Intel(R) Core(TM) i5-1135G7 @ 2.40GHz, 8 cores, 7G,  Windows 11 , 64 bit Build 26100 (10.0.26100.7309)
Time: Thu Dec 25 17:36:50 2025 Paris, Madrid elapsed time: 2199.483843 seconds (0d 0h 36m 39s)

---------------  T H R E A D  ---------------

Current thread (0x000001aa73ad52f0):  JavaThread "C2 CompilerThread0" daemon [_thread_in_native, id=104572, stack(0x000000493c400000,0x000000493c500000) (1024K)]


Current CompileTask:
C2:2199484 14074       4       groovyjarjarantlr4.v4.runtime.atn.PredictionContext::join (549 bytes)

Stack: [0x000000493c400000,0x000000493c500000]
Native frames: (J=compiled Java code, j=interpreted, Vv=VM code, C=native code)
V  [jvm.dll+0x6cade9]
V  [jvm.dll+0x8569c1]
V  [jvm.dll+0x858d2e]
V  [jvm.dll+0x859413]
V  [jvm.dll+0x280e56]
V  [jvm.dll+0xc3f3d]
V  [jvm.dll+0xc4473]
V  [jvm.dll+0x3b5bf2]
V  [jvm.dll+0x382855]
V  [jvm.dll+0x381cca]
V  [jvm.dll+0x249bd0]
V  [jvm.dll+0x2491b1]
V  [jvm.dll+0x1c9634]
V  [jvm.dll+0x258859]
V  [jvm.dll+0x256e3a]
V  [jvm.dll+0x3ef6c6]
V  [jvm.dll+0x7ff568]
V  [jvm.dll+0x6c953d]
C  [ucrtbase.dll+0x37b0]
C  [KERNEL32.DLL+0x2e8d7]
C  [ntdll.dll+0x8c53c]


---------------  P R O C E S S  ---------------

Threads class SMR info:
_java_thread_list=0x000001aa7d7f0bd0, length=43, elements={
0x000001aa56f1ed70, 0x000001aa73abd9e0, 0x000001aa73abe540, 0x000001aa73ac5760,
0x000001aa73ac8680, 0x000001aa73acb4e0, 0x000001aa73acbf40, 0x000001aa73ad52f0,
0x000001aa73ad9460, 0x000001aa73ba6fd0, 0x000001aa73d3bd80, 0x000001aa79626fd0,
0x000001aa79697e80, 0x000001aa7979df30, 0x000001aa79943640, 0x000001aa799449f0,
0x000001aa79945080, 0x000001aa7a19bf80, 0x000001aa7a19d9c0, 0x000001aa7a19e050,
0x000001aa7a19ed70, 0x000001aa7a19f400, 0x000001aa7a19fa90, 0x000001aa79d056c0,
0x000001aa79d02240, 0x000001aa7caebf70, 0x000001aa7ce996a0, 0x000001aa7ce97c60,
0x000001aa7ce96f40, 0x000001aa7ce98980, 0x000001aa7ce9aa50, 0x000001aa7ce9a3c0,
0x000001aa7ce99010, 0x000001aa7ce99d30, 0x000001aa7ce975d0, 0x000001aa7ce9b770,
0x000001aa7ce9d840, 0x000001aa7ce9d1b0, 0x000001aa7ce9c490, 0x000001aa7ce9ded0,
0x000001aa7ce9be00, 0x000001aa7ce9b0e0, 0x000001aa7cd0eb00
}

Java Threads: ( => current thread )
  0x000001aa56f1ed70 JavaThread "main"                              [_thread_blocked, id=104252, stack(0x000000493b600000,0x000000493b700000) (1024K)]
  0x000001aa73abd9e0 JavaThread "Reference Handler"          daemon [_thread_blocked, id=7848, stack(0x000000493be00000,0x000000493bf00000) (1024K)]
  0x000001aa73abe540 JavaThread "Finalizer"                  daemon [_thread_blocked, id=110408, stack(0x000000493bf00000,0x000000493c000000) (1024K)]
  0x000001aa73ac5760 JavaThread "Signal Dispatcher"          daemon [_thread_blocked, id=98356, stack(0x000000493c000000,0x000000493c100000) (1024K)]
  0x000001aa73ac8680 JavaThread "Attach Listener"            daemon [_thread_blocked, id=98528, stack(0x000000493c100000,0x000000493c200000) (1024K)]
  0x000001aa73acb4e0 JavaThread "Service Thread"             daemon [_thread_blocked, id=102904, stack(0x000000493c200000,0x000000493c300000) (1024K)]
  0x000001aa73acbf40 JavaThread "Monitor Deflation Thread"   daemon [_thread_blocked, id=104868, stack(0x000000493c300000,0x000000493c400000) (1024K)]
=>0x000001aa73ad52f0 JavaThread "C2 CompilerThread0"         daemon [_thread_in_native, id=104572, stack(0x000000493c400000,0x000000493c500000) (1024K)]
  0x000001aa73ad9460 JavaThread "C1 CompilerThread0"         daemon [_thread_blocked, id=55408, stack(0x000000493c500000,0x000000493c600000) (1024K)]
  0x000001aa73ba6fd0 JavaThread "Common-Cleaner"             daemon [_thread_blocked, id=101076, stack(0x000000493c600000,0x000000493c700000) (1024K)]
  0x000001aa73d3bd80 JavaThread "Notification Thread"        daemon [_thread_blocked, id=105904, stack(0x000000493c700000,0x000000493c800000) (1024K)]
  0x000001aa79626fd0 JavaThread "Daemon health stats"               [_thread_blocked, id=24772, stack(0x000000493ce00000,0x000000493cf00000) (1024K)]
  0x000001aa79697e80 JavaThread "Incoming local TCP Connector on port 58568"        [_thread_in_native, id=90136, stack(0x000000493cf00000,0x000000493d000000) (1024K)]
  0x000001aa7979df30 JavaThread "Daemon periodic checks"            [_thread_blocked, id=107828, stack(0x000000493d000000,0x000000493d100000) (1024K)]
  0x000001aa79943640 JavaThread "Cache worker for journal cache (C:\Users\simpa\.gradle\caches\journal-1)"        [_thread_blocked, id=105544, stack(0x000000493d800000,0x000000493d900000) (1024K)]
  0x000001aa799449f0 JavaThread "File lock request listener"        [_thread_in_native, id=104336, stack(0x000000493d900000,0x000000493da00000) (1024K)]
  0x000001aa79945080 JavaThread "Cache worker for file hash cache (C:\Users\simpa\.gradle\caches\9.2.1\fileHashes)"        [_thread_blocked, id=111096, stack(0x000000493da00000,0x000000493db00000) (1024K)]
  0x000001aa7a19bf80 JavaThread "File watcher server"        daemon [_thread_in_native, id=74484, stack(0x000000493e000000,0x000000493e100000) (1024K)]
  0x000001aa7a19d9c0 JavaThread "File watcher consumer"      daemon [_thread_blocked, id=110312, stack(0x000000493e100000,0x000000493e200000) (1024K)]
  0x000001aa7a19e050 JavaThread "Cache worker for file content cache (C:\Users\simpa\.gradle\caches\9.2.1\fileContent)"        [_thread_blocked, id=74800, stack(0x000000493e300000,0x000000493e400000) (1024K)]
  0x000001aa7a19ed70 JavaThread "jar transforms"                    [_thread_blocked, id=111820, stack(0x000000493e600000,0x000000493e700000) (1024K)]
  0x000001aa7a19f400 JavaThread "jar transforms Thread 2"           [_thread_blocked, id=111476, stack(0x000000493e700000,0x000000493e800000) (1024K)]
  0x000001aa7a19fa90 JavaThread "jar transforms Thread 3"           [_thread_blocked, id=99316, stack(0x000000493e800000,0x000000493e900000) (1024K)]
  0x000001aa79d056c0 JavaThread "Memory manager"                    [_thread_blocked, id=102732, stack(0x000000493c800000,0x000000493c900000) (1024K)]
  0x000001aa79d02240 JavaThread "jar transforms Thread 4"           [_thread_blocked, id=109224, stack(0x000000493ff00000,0x0000004940000000) (1024K)]
  0x000001aa7caebf70 JavaThread "Cache worker for Java compile cache (C:\Users\simpa\.gradle\caches\9.2.1\javaCompile)"        [_thread_blocked, id=68592, stack(0x0000004944e00000,0x0000004944f00000) (1024K)]
  0x000001aa7ce996a0 JavaThread "Daemon Thread 2"                   [_thread_blocked, id=104056, stack(0x000000493b300000,0x000000493b400000) (1024K)]
  0x000001aa7ce97c60 JavaThread "Handler for socket connection from /127.0.0.1:58568 to /127.0.0.1:56179"        [_thread_in_native, id=94176, stack(0x000000493b400000,0x000000493b500000) (1024K)]
  0x000001aa7ce96f40 JavaThread "Cancel handler"                    [_thread_blocked, id=50844, stack(0x000000493b500000,0x000000493b600000) (1024K)]
  0x000001aa7ce98980 JavaThread "Daemon worker Thread 2"            [_thread_in_vm, id=30128, stack(0x000000493d100000,0x000000493d200000) (1024K)]
  0x000001aa7ce9aa50 JavaThread "Asynchronous log dispatcher for DefaultDaemonConnection: socket connection from /127.0.0.1:58568 to /127.0.0.1:56179"        [_thread_blocked, id=94192, stack(0x000000493d200000,0x000000493d300000) (1024K)]
  0x000001aa7ce9a3c0 JavaThread "Stdin handler"                     [_thread_blocked, id=100128, stack(0x000000493d300000,0x000000493d400000) (1024K)]
  0x000001aa7ce99010 JavaThread "Daemon client event forwarder"        [_thread_blocked, id=56824, stack(0x000000493d400000,0x000000493d500000) (1024K)]
  0x000001aa7ce99d30 JavaThread "Cache worker for file hash cache (C:\SIMPARA\BackEnd\.gradle\9.2.1\fileHashes)"        [_thread_blocked, id=97368, stack(0x000000493d500000,0x000000493d600000) (1024K)]
  0x000001aa7ce975d0 JavaThread "Cache worker for Build Output Cleanup Cache (C:\SIMPARA\BackEnd\.gradle\buildOutputCleanup)"        [_thread_blocked, id=87800, stack(0x000000493d600000,0x000000493d700000) (1024K)]
  0x000001aa7ce9b770 JavaThread "jar transforms Thread 5"           [_thread_blocked, id=60512, stack(0x000000493d700000,0x000000493d800000) (1024K)]
  0x000001aa7ce9d840 JavaThread "jar transforms Thread 6"           [_thread_blocked, id=98240, stack(0x000000493de00000,0x000000493df00000) (1024K)]
  0x000001aa7ce9d1b0 JavaThread "jar transforms Thread 7"           [_thread_blocked, id=2440, stack(0x000000493df00000,0x000000493e000000) (1024K)]
  0x000001aa7ce9c490 JavaThread "jar transforms Thread 8"           [_thread_blocked, id=104436, stack(0x000000493e200000,0x000000493e300000) (1024K)]
  0x000001aa7ce9ded0 JavaThread "Cache worker for checksums cache (C:\SIMPARA\BackEnd\.gradle\9.2.1\checksums)"        [_thread_blocked, id=102516, stack(0x000000493e500000,0x000000493e600000) (1024K)]
  0x000001aa7ce9be00 JavaThread "Cache worker for cache directory md-supplier (C:\Users\simpa\.gradle\caches\9.2.1\md-supplier)"        [_thread_blocked, id=12436, stack(0x000000493e900000,0x000000493ea00000) (1024K)]
  0x000001aa7ce9b0e0 JavaThread "Cache worker for cache directory md-rule (C:\Users\simpa\.gradle\caches\9.2.1\md-rule)"        [_thread_blocked, id=106828, stack(0x000000493ea00000,0x000000493eb00000) (1024K)]
  0x000001aa7cd0eb00 JavaThread "C2 CompilerThread1"         daemon [_thread_in_native, id=48120, stack(0x000000493eb00000,0x000000493ec00000) (1024K)]
Total: 43

Other Threads:
  0x000001aa73a9e1a0 VMThread "VM Thread"                           [id=85980, stack(0x000000493bd00000,0x000000493be00000) (1024K)]
  0x000001aa73a81a50 WatcherThread "VM Periodic Task Thread"        [id=112356, stack(0x000000493bc00000,0x000000493bd00000) (1024K)]
  0x000001aa56f48ad0 WorkerThread "GC Thread#0"                     [id=88508, stack(0x000000493b700000,0x000000493b800000) (1024K)]
  0x000001aa78097230 WorkerThread "GC Thread#1"                     [id=109272, stack(0x000000493c900000,0x000000493ca00000) (1024K)]
  0x000001aa780975d0 WorkerThread "GC Thread#2"                     [id=108228, stack(0x000000493ca00000,0x000000493cb00000) (1024K)]
  0x000001aa780c4e70 WorkerThread "GC Thread#3"                     [id=90528, stack(0x000000493cb00000,0x000000493cc00000) (1024K)]
  0x000001aa780c5210 WorkerThread "GC Thread#4"                     [id=75356, stack(0x000000493cc00000,0x000000493cd00000) (1024K)]
  0x000001aa780c55b0 WorkerThread "GC Thread#5"                     [id=91548, stack(0x000000493cd00000,0x000000493ce00000) (1024K)]
  0x000001aa79a2c010 WorkerThread "GC Thread#6"                     [id=107708, stack(0x000000493db00000,0x000000493dc00000) (1024K)]
  0x000001aa79a2aa50 WorkerThread "GC Thread#7"                     [id=97124, stack(0x000000493dc00000,0x000000493dd00000) (1024K)]
  0x000001aa56f4e1d0 ConcurrentGCThread "G1 Main Marker"            [id=84876, stack(0x000000493b800000,0x000000493b900000) (1024K)]
  0x000001aa56f4fa60 WorkerThread "G1 Conc#0"                       [id=98572, stack(0x000000493b900000,0x000000493ba00000) (1024K)]
  0x000001aa79a2adf0 WorkerThread "G1 Conc#1"                       [id=109580, stack(0x000000493dd00000,0x000000493de00000) (1024K)]
  0x000001aa73957250 ConcurrentGCThread "G1 Refine#0"               [id=110168, stack(0x000000493ba00000,0x000000493bb00000) (1024K)]
  0x000001aa73958a80 ConcurrentGCThread "G1 Service"                [id=94692, stack(0x000000493bb00000,0x000000493bc00000) (1024K)]
Total: 15

Threads with active compile tasks:
C2 CompilerThread0  2203552 14074       4       groovyjarjarantlr4.v4.runtime.atn.PredictionContext::join (549 bytes)
C2 CompilerThread1  2203552 14122       4       groovyjarjarantlr4.v4.runtime.atn.ATNConfigSet::add (247 bytes)
Total: 2

VM state: not at safepoint (normal execution)

VM Mutex/Monitor currently owned by a thread:  ([mutex/lock_event])
[0x00007ffbca6face8] Metaspace_lock - owner thread: 0x000001aa7ce98980

Heap address: 0x00000000e0000000, size: 512 MB, Compressed Oops mode: 32-bit

CDS archive(s) mapped at: [0x000001aa00000000-0x000001aa00c90000-0x000001aa00c90000), size 13172736, SharedBaseAddress: 0x000001aa00000000, ArchiveRelocationMode: 1.
Compressed class space mapped at: 0x000001aa01000000-0x000001aa15000000, reserved size: 335544320
Narrow klass base: 0x000001aa00000000, Narrow klass shift: 0, Narrow klass range: 0x100000000

GC Precious Log:
 CardTable entry size: 512
 Card Set container configuration: InlinePtr #cards 5 size 8 Array Of Cards #cards 12 size 40 Howl #buckets 4 coarsen threshold 1843 Howl Bitmap #cards 512 size 80 coarsen threshold 460 Card regions per heap region 1 cards per card region 2048
 CPUs: 8 total, 8 available
 Memory: 7957M
 Large Page Support: Disabled
 NUMA Support: Disabled
 Compressed Oops: Enabled (32-bit)
 Heap Region Size: 1M
 Heap Min Capacity: 256M
 Heap Initial Capacity: 256M
 Heap Max Capacity: 512M
 Pre-touch: Disabled
 Parallel Workers: 8
 Concurrent Workers: 2
 Concurrent Refinement Workers: 8
 Periodic GC: Disabled

Heap:
 garbage-first heap   total 279552K, used 133625K [0x00000000e0000000, 0x0000000100000000)
  region size 1024K, 33 young (33792K), 17 survivors (17408K)
 Metaspace       used 76935K, committed 79232K, reserved 458752K
  class space    used 11040K, committed 12224K, reserved 327680K

Heap Regions: E=young(eden), S=young(survivor), O=old, HS=humongous(starts), HC=humongous(continues), CS=collection set, F=free, TAMS=top-at-mark-start, PB=parsable bottom
|   0|0x00000000e0000000, 0x00000000e0100000, 0x00000000e0100000|100%|HS|  |TAMS 0x00000000e0000000| PB 0x00000000e0000000| Complete 
|   1|0x00000000e0100000, 0x00000000e0200000, 0x00000000e0200000|100%|HC|  |TAMS 0x00000000e0100000| PB 0x00000000e0100000| Complete 
|   2|0x00000000e0200000, 0x00000000e0300000, 0x00000000e0300000|100%|HC|  |TAMS 0x00000000e0200000| PB 0x00000000e0200000| Complete 
|   3|0x00000000e0300000, 0x00000000e0400000, 0x00000000e0400000|100%|HC|  |TAMS 0x00000000e0300000| PB 0x00000000e0300000| Complete 
|   4|0x00000000e0400000, 0x00000000e0500000, 0x00000000e0500000|100%| O|  |TAMS 0x00000000e0400000| PB 0x00000000e0400000| Untracked 
|   5|0x00000000e0500000, 0x00000000e0600000, 0x00000000e0600000|100%| O|  |TAMS 0x00000000e0500000| PB 0x00000000e0500000| Untracked 
|   6|0x00000000e0600000, 0x00000000e0700000, 0x00000000e0700000|100%| O|  |TAMS 0x00000000e0600000| PB 0x00000000e0600000| Untracked 
|   7|0x00000000e0700000, 0x00000000e0800000, 0x00000000e0800000|100%|HS|  |TAMS 0x00000000e0700000| PB 0x00000000e0700000| Complete 
|   8|0x00000000e0800000, 0x00000000e0900000, 0x00000000e0900000|100%| O|  |TAMS 0x00000000e0800000| PB 0x00000000e0800000| Untracked 
|   9|0x00000000e0900000, 0x00000000e0a00000, 0x00000000e0a00000|100%| O|  |TAMS 0x00000000e0900000| PB 0x00000000e0900000| Untracked 
|  10|0x00000000e0a00000, 0x00000000e0b00000, 0x00000000e0b00000|100%| O|  |TAMS 0x00000000e0a00000| PB 0x00000000e0a00000| Untracked 
|  11|0x00000000e0b00000, 0x00000000e0c00000, 0x00000000e0c00000|100%| O|  |TAMS 0x00000000e0b00000| PB 0x00000000e0b00000| Untracked 
|  12|0x00000000e0c00000, 0x00000000e0d00000, 0x00000000e0d00000|100%| O|  |TAMS 0x00000000e0c00000| PB 0x00000000e0c00000| Untracked 
|  13|0x00000000e0d00000, 0x00000000e0e00000, 0x00000000e0e00000|100%| O|  |TAMS 0x00000000e0d00000| PB 0x00000000e0d00000| Untracked 
|  14|0x00000000e0e00000, 0x00000000e0f00000, 0x00000000e0f00000|100%| O|  |TAMS 0x00000000e0e00000| PB 0x00000000e0e00000| Untracked 
|  15|0x00000000e0f00000, 0x00000000e1000000, 0x00000000e1000000|100%| O|  |TAMS 0x00000000e0f00000| PB 0x00000000e0f00000| Untracked 
|  16|0x00000000e1000000, 0x00000000e1100000, 0x00000000e1100000|100%| O|  |TAMS 0x00000000e1000000| PB 0x00000000e1000000| Untracked 
|  17|0x00000000e1100000, 0x00000000e1200000, 0x00000000e1200000|100%| O|  |TAMS 0x00000000e1100000| PB 0x00000000e1100000| Untracked 
|  18|0x00000000e1200000, 0x00000000e1300000, 0x00000000e1300000|100%| O|  |TAMS 0x00000000e1200000| PB 0x00000000e1200000| Untracked 
|  19|0x00000000e1300000, 0x00000000e1400000, 0x00000000e1400000|100%| O|  |TAMS 0x00000000e1300000| PB 0x00000000e1300000| Untracked 
|  20|0x00000000e1400000, 0x00000000e1500000, 0x00000000e1500000|100%| O|  |TAMS 0x00000000e1400000| PB 0x00000000e1400000| Untracked 
|  21|0x00000000e1500000, 0x00000000e1600000, 0x00000000e1600000|100%| O|  |TAMS 0x00000000e1500000| PB 0x00000000e1500000| Untracked 
|  22|0x00000000e1600000, 0x00000000e1700000, 0x00000000e1700000|100%| O|  |TAMS 0x00000000e1600000| PB 0x00000000e1600000| Untracked 
|  23|0x00000000e1700000, 0x00000000e1800000, 0x00000000e1800000|100%| O|  |TAMS 0x00000000e1700000| PB 0x00000000e1700000| Untracked 
|  24|0x00000000e1800000, 0x00000000e1900000, 0x00000000e1900000|100%| O|  |TAMS 0x00000000e1800000| PB 0x00000000e1800000| Untracked 
|  25|0x00000000e1900000, 0x00000000e1a00000, 0x00000000e1a00000|100%| O|  |TAMS 0x00000000e1900000| PB 0x00000000e1900000| Untracked 
|  26|0x00000000e1a00000, 0x00000000e1b00000, 0x00000000e1b00000|100%| O|  |TAMS 0x00000000e1a00000| PB 0x00000000e1a00000| Untracked 
|  27|0x00000000e1b00000, 0x00000000e1c00000, 0x00000000e1c00000|100%| O|  |TAMS 0x00000000e1b00000| PB 0x00000000e1b00000| Untracked 
|  28|0x00000000e1c00000, 0x00000000e1d00000, 0x00000000e1d00000|100%| O|  |TAMS 0x00000000e1c00000| PB 0x00000000e1c00000| Untracked 
|  29|0x00000000e1d00000, 0x00000000e1e00000, 0x00000000e1e00000|100%| O|  |TAMS 0x00000000e1d00000| PB 0x00000000e1d00000| Untracked 
|  30|0x00000000e1e00000, 0x00000000e1f00000, 0x00000000e1f00000|100%| O|  |TAMS 0x00000000e1e00000| PB 0x00000000e1e00000| Untracked 
|  31|0x00000000e1f00000, 0x00000000e2000000, 0x00000000e2000000|100%| O|  |TAMS 0x00000000e1f00000| PB 0x00000000e1f00000| Untracked 
|  32|0x00000000e2000000, 0x00000000e2100000, 0x00000000e2100000|100%| O|  |TAMS 0x00000000e2000000| PB 0x00000000e2000000| Untracked 
|  33|0x00000000e2100000, 0x00000000e2200000, 0x00000000e2200000|100%| O|  |TAMS 0x00000000e2100000| PB 0x00000000e2100000| Untracked 
|  34|0x00000000e2200000, 0x00000000e2300000, 0x00000000e2300000|100%| O|  |TAMS 0x00000000e2200000| PB 0x00000000e2200000| Untracked 
|  35|0x00000000e2300000, 0x00000000e2400000, 0x00000000e2400000|100%| O|  |TAMS 0x00000000e2300000| PB 0x00000000e2300000| Untracked 
|  36|0x00000000e2400000, 0x00000000e2500000, 0x00000000e2500000|100%| O|  |TAMS 0x00000000e2400000| PB 0x00000000e2400000| Untracked 
|  37|0x00000000e2500000, 0x00000000e2600000, 0x00000000e2600000|100%| O|  |TAMS 0x00000000e2500000| PB 0x00000000e2500000| Untracked 
|  38|0x00000000e2600000, 0x00000000e2700000, 0x00000000e2700000|100%| O|  |TAMS 0x00000000e2600000| PB 0x00000000e2600000| Untracked 
|  39|0x00000000e2700000, 0x00000000e2800000, 0x00000000e2800000|100%| O|  |TAMS 0x00000000e2700000| PB 0x00000000e2700000| Untracked 
|  40|0x00000000e2800000, 0x00000000e2900000, 0x00000000e2900000|100%| O|  |TAMS 0x00000000e2800000| PB 0x00000000e2800000| Untracked 
|  41|0x00000000e2900000, 0x00000000e2a00000, 0x00000000e2a00000|100%| O|  |TAMS 0x00000000e2900000| PB 0x00000000e2900000| Untracked 
|  42|0x00000000e2a00000, 0x00000000e2b00000, 0x00000000e2b00000|100%| O|  |TAMS 0x00000000e2a00000| PB 0x00000000e2a00000| Untracked 
|  43|0x00000000e2b00000, 0x00000000e2c00000, 0x00000000e2c00000|100%| O|  |TAMS 0x00000000e2b00000| PB 0x00000000e2b00000| Untracked 
|  44|0x00000000e2c00000, 0x00000000e2d00000, 0x00000000e2d00000|100%| O|  |TAMS 0x00000000e2c00000| PB 0x00000000e2c00000| Untracked 
|  45|0x00000000e2d00000, 0x00000000e2e00000, 0x00000000e2e00000|100%| O|  |TAMS 0x00000000e2d00000| PB 0x00000000e2d00000| Untracked 
|  46|0x00000000e2e00000, 0x00000000e2f00000, 0x00000000e2f00000|100%| O|  |TAMS 0x00000000e2e00000| PB 0x00000000e2e00000| Untracked 
|  47|0x00000000e2f00000, 0x00000000e3000000, 0x00000000e3000000|100%| O|  |TAMS 0x00000000e2f00000| PB 0x00000000e2f00000| Untracked 
|  48|0x00000000e3000000, 0x00000000e3100000, 0x00000000e3100000|100%| O|  |TAMS 0x00000000e3000000| PB 0x00000000e3000000| Untracked 
|  49|0x00000000e3100000, 0x00000000e3200000, 0x00000000e3200000|100%| O|  |TAMS 0x00000000e3100000| PB 0x00000000e3100000| Untracked 
|  50|0x00000000e3200000, 0x00000000e3300000, 0x00000000e3300000|100%| O|  |TAMS 0x00000000e3200000| PB 0x00000000e3200000| Untracked 
|  51|0x00000000e3300000, 0x00000000e3400000, 0x00000000e3400000|100%| O|  |TAMS 0x00000000e3300000| PB 0x00000000e3300000| Untracked 
|  52|0x00000000e3400000, 0x00000000e3500000, 0x00000000e3500000|100%| O|  |TAMS 0x00000000e3400000| PB 0x00000000e3400000| Untracked 
|  53|0x00000000e3500000, 0x00000000e3600000, 0x00000000e3600000|100%| O|  |TAMS 0x00000000e3500000| PB 0x00000000e3500000| Untracked 
|  54|0x00000000e3600000, 0x00000000e3700000, 0x00000000e3700000|100%| O|  |TAMS 0x00000000e3600000| PB 0x00000000e3600000| Untracked 
|  55|0x00000000e3700000, 0x00000000e3800000, 0x00000000e3800000|100%| O|  |TAMS 0x00000000e3700000| PB 0x00000000e3700000| Untracked 
|  56|0x00000000e3800000, 0x00000000e3900000, 0x00000000e3900000|100%| O|  |TAMS 0x00000000e3800000| PB 0x00000000e3800000| Untracked 
|  57|0x00000000e3900000, 0x00000000e3a00000, 0x00000000e3a00000|100%| O|  |TAMS 0x00000000e3900000| PB 0x00000000e3900000| Untracked 
|  58|0x00000000e3a00000, 0x00000000e3b00000, 0x00000000e3b00000|100%| O|  |TAMS 0x00000000e3a00000| PB 0x00000000e3a00000| Untracked 
|  59|0x00000000e3b00000, 0x00000000e3c00000, 0x00000000e3c00000|100%| O|  |TAMS 0x00000000e3b00000| PB 0x00000000e3b00000| Untracked 
|  60|0x00000000e3c00000, 0x00000000e3d00000, 0x00000000e3d00000|100%| O|  |TAMS 0x00000000e3c00000| PB 0x00000000e3c00000| Untracked 
|  61|0x00000000e3d00000, 0x00000000e3e00000, 0x00000000e3e00000|100%| O|  |TAMS 0x00000000e3d00000| PB 0x00000000e3d00000| Untracked 
|  62|0x00000000e3e00000, 0x00000000e3f00000, 0x00000000e3f00000|100%| O|  |TAMS 0x00000000e3e00000| PB 0x00000000e3e00000| Untracked 
|  63|0x00000000e3f00000, 0x00000000e4000000, 0x00000000e4000000|100%| O|  |TAMS 0x00000000e3f00000| PB 0x00000000e3f00000| Untracked 
|  64|0x00000000e4000000, 0x00000000e4100000, 0x00000000e4100000|100%| O|  |TAMS 0x00000000e4000000| PB 0x00000000e4000000| Untracked 
|  65|0x00000000e4100000, 0x00000000e4200000, 0x00000000e4200000|100%| O|  |TAMS 0x00000000e4100000| PB 0x00000000e4100000| Untracked 
|  66|0x00000000e4200000, 0x00000000e4300000, 0x00000000e4300000|100%| O|  |TAMS 0x00000000e4200000| PB 0x00000000e4200000| Untracked 
|  67|0x00000000e4300000, 0x00000000e4400000, 0x00000000e4400000|100%| O|  |TAMS 0x00000000e4300000| PB 0x00000000e4300000| Untracked 
|  68|0x00000000e4400000, 0x00000000e4500000, 0x00000000e4500000|100%| O|  |TAMS 0x00000000e4400000| PB 0x00000000e4400000| Untracked 
|  69|0x00000000e4500000, 0x00000000e4600000, 0x00000000e4600000|100%| O|  |TAMS 0x00000000e4500000| PB 0x00000000e4500000| Untracked 
|  70|0x00000000e4600000, 0x00000000e4700000, 0x00000000e4700000|100%| O|  |TAMS 0x00000000e4600000| PB 0x00000000e4600000| Untracked 
|  71|0x00000000e4700000, 0x00000000e4800000, 0x00000000e4800000|100%| O|  |TAMS 0x00000000e4700000| PB 0x00000000e4700000| Untracked 
|  72|0x00000000e4800000, 0x00000000e4900000, 0x00000000e4900000|100%| O|  |TAMS 0x00000000e4800000| PB 0x00000000e4800000| Untracked 
|  73|0x00000000e4900000, 0x00000000e4a00000, 0x00000000e4a00000|100%| O|  |TAMS 0x00000000e4900000| PB 0x00000000e4900000| Untracked 
|  74|0x00000000e4a00000, 0x00000000e4b00000, 0x00000000e4b00000|100%| O|  |TAMS 0x00000000e4a00000| PB 0x00000000e4a00000| Untracked 
|  75|0x00000000e4b00000, 0x00000000e4c00000, 0x00000000e4c00000|100%| O|  |TAMS 0x00000000e4b00000| PB 0x00000000e4b00000| Untracked 
|  76|0x00000000e4c00000, 0x00000000e4c00000, 0x00000000e4d00000|  0%| F|  |TAMS 0x00000000e4c00000| PB 0x00000000e4c00000| Untracked 
|  77|0x00000000e4d00000, 0x00000000e4d00000, 0x00000000e4e00000|  0%| F|  |TAMS 0x00000000e4d00000| PB 0x00000000e4d00000| Untracked 
|  78|0x00000000e4e00000, 0x00000000e4e00000, 0x00000000e4f00000|  0%| F|  |TAMS 0x00000000e4e00000| PB 0x00000000e4e00000| Untracked 
|  79|0x00000000e4f00000, 0x00000000e4f00000, 0x00000000e5000000|  0%| F|  |TAMS 0x00000000e4f00000| PB 0x00000000e4f00000| Untracked 
|  80|0x00000000e5000000, 0x00000000e5000000, 0x00000000e5100000|  0%| F|  |TAMS 0x00000000e5000000| PB 0x00000000e5000000| Untracked 
|  81|0x00000000e5100000, 0x00000000e5100000, 0x00000000e5200000|  0%| F|  |TAMS 0x00000000e5100000| PB 0x00000000e5100000| Untracked 
|  82|0x00000000e5200000, 0x00000000e5300000, 0x00000000e5300000|100%|HS|  |TAMS 0x00000000e5200000| PB 0x00000000e5200000| Complete 
|  83|0x00000000e5300000, 0x00000000e5400000, 0x00000000e5400000|100%|HC|  |TAMS 0x00000000e5300000| PB 0x00000000e5300000| Complete 
|  84|0x00000000e5400000, 0x00000000e5500000, 0x00000000e5500000|100%|HS|  |TAMS 0x00000000e5400000| PB 0x00000000e5400000| Complete 
|  85|0x00000000e5500000, 0x00000000e5600000, 0x00000000e5600000|100%|HS|  |TAMS 0x00000000e5500000| PB 0x00000000e5500000| Complete 
|  86|0x00000000e5600000, 0x00000000e5700000, 0x00000000e5700000|100%|HC|  |TAMS 0x00000000e5600000| PB 0x00000000e5600000| Complete 
|  87|0x00000000e5700000, 0x00000000e5700000, 0x00000000e5800000|  0%| F|  |TAMS 0x00000000e5700000| PB 0x00000000e5700000| Untracked 
|  88|0x00000000e5800000, 0x00000000e5800000, 0x00000000e5900000|  0%| F|  |TAMS 0x00000000e5800000| PB 0x00000000e5800000| Untracked 
|  89|0x00000000e5900000, 0x00000000e5900000, 0x00000000e5a00000|  0%| F|  |TAMS 0x00000000e5900000| PB 0x00000000e5900000| Untracked 
|  90|0x00000000e5a00000, 0x00000000e5a00000, 0x00000000e5b00000|  0%| F|  |TAMS 0x00000000e5a00000| PB 0x00000000e5a00000| Untracked 
|  91|0x00000000e5b00000, 0x00000000e5b00000, 0x00000000e5c00000|  0%| F|  |TAMS 0x00000000e5b00000| PB 0x00000000e5b00000| Untracked 
|  92|0x00000000e5c00000, 0x00000000e5c00000, 0x00000000e5d00000|  0%| F|  |TAMS 0x00000000e5c00000| PB 0x00000000e5c00000| Untracked 
|  93|0x00000000e5d00000, 0x00000000e5e00000, 0x00000000e5e00000|100%|HS|  |TAMS 0x00000000e5d00000| PB 0x00000000e5d00000| Complete 
|  94|0x00000000e5e00000, 0x00000000e5f00000, 0x00000000e5f00000|100%|HC|  |TAMS 0x00000000e5e00000| PB 0x00000000e5e00000| Complete 
|  95|0x00000000e5f00000, 0x00000000e6000000, 0x00000000e6000000|100%|HC|  |TAMS 0x00000000e5f00000| PB 0x00000000e5f00000| Complete 
|  96|0x00000000e6000000, 0x00000000e6100000, 0x00000000e6100000|100%|HC|  |TAMS 0x00000000e6000000| PB 0x00000000e6000000| Complete 
|  97|0x00000000e6100000, 0x00000000e6200000, 0x00000000e6200000|100%|HC|  |TAMS 0x00000000e6100000| PB 0x00000000e6100000| Complete 
|  98|0x00000000e6200000, 0x00000000e6300000, 0x00000000e6300000|100%|HC|  |TAMS 0x00000000e6200000| PB 0x00000000e6200000| Complete 
|  99|0x00000000e6300000, 0x00000000e6400000, 0x00000000e6400000|100%|HS|  |TAMS 0x00000000e6300000| PB 0x00000000e6300000| Complete 
| 100|0x00000000e6400000, 0x00000000e6500000, 0x00000000e6500000|100%| O|  |TAMS 0x00000000e6400000| PB 0x00000000e6400000| Untracked 
| 101|0x00000000e6500000, 0x00000000e6600000, 0x00000000e6600000|100%| S|CS|TAMS 0x00000000e6500000| PB 0x00000000e6500000| Complete 
| 102|0x00000000e6600000, 0x00000000e6700000, 0x00000000e6700000|100%| S|CS|TAMS 0x00000000e6600000| PB 0x00000000e6600000| Complete 
| 103|0x00000000e6700000, 0x00000000e6700000, 0x00000000e6800000|  0%| F|  |TAMS 0x00000000e6700000| PB 0x00000000e6700000| Untracked 
| 104|0x00000000e6800000, 0x00000000e6800000, 0x00000000e6900000|  0%| F|  |TAMS 0x00000000e6800000| PB 0x00000000e6800000| Untracked 
| 105|0x00000000e6900000, 0x00000000e6900000, 0x00000000e6a00000|  0%| F|  |TAMS 0x00000000e6900000| PB 0x00000000e6900000| Untracked 
| 106|0x00000000e6a00000, 0x00000000e6a00000, 0x00000000e6b00000|  0%| F|  |TAMS 0x00000000e6a00000| PB 0x00000000e6a00000| Untracked 
| 107|0x00000000e6b00000, 0x00000000e6b00000, 0x00000000e6c00000|  0%| F|  |TAMS 0x00000000e6b00000| PB 0x00000000e6b00000| Untracked 
| 108|0x00000000e6c00000, 0x00000000e6c00000, 0x00000000e6d00000|  0%| F|  |TAMS 0x00000000e6c00000| PB 0x00000000e6c00000| Untracked 
| 109|0x00000000e6d00000, 0x00000000e6d00000, 0x00000000e6e00000|  0%| F|  |TAMS 0x00000000e6d00000| PB 0x00000000e6d00000| Untracked 
| 110|0x00000000e6e00000, 0x00000000e6e00000, 0x00000000e6f00000|  0%| F|  |TAMS 0x00000000e6e00000| PB 0x00000000e6e00000| Untracked 
| 111|0x00000000e6f00000, 0x00000000e6f00000, 0x00000000e7000000|  0%| F|  |TAMS 0x00000000e6f00000| PB 0x00000000e6f00000| Untracked 
| 112|0x00000000e7000000, 0x00000000e7000000, 0x00000000e7100000|  0%| F|  |TAMS 0x00000000e7000000| PB 0x00000000e7000000| Untracked 
| 113|0x00000000e7100000, 0x00000000e7200000, 0x00000000e7200000|100%|HS|  |TAMS 0x00000000e7100000| PB 0x00000000e7100000| Complete 
| 114|0x00000000e7200000, 0x00000000e7300000, 0x00000000e7300000|100%|HC|  |TAMS 0x00000000e7200000| PB 0x00000000e7200000| Complete 
| 115|0x00000000e7300000, 0x00000000e7400000, 0x00000000e7400000|100%|HC|  |TAMS 0x00000000e7300000| PB 0x00000000e7300000| Complete 
| 116|0x00000000e7400000, 0x00000000e7500000, 0x00000000e7500000|100%|HC|  |TAMS 0x00000000e7400000| PB 0x00000000e7400000| Complete 
| 117|0x00000000e7500000, 0x00000000e7600000, 0x00000000e7600000|100%|HC|  |TAMS 0x00000000e7500000| PB 0x00000000e7500000| Complete 
| 118|0x00000000e7600000, 0x00000000e7700000, 0x00000000e7700000|100%|HC|  |TAMS 0x00000000e7600000| PB 0x00000000e7600000| Complete 
| 119|0x00000000e7700000, 0x00000000e7800000, 0x00000000e7800000|100%| S|CS|TAMS 0x00000000e7700000| PB 0x00000000e7700000| Complete 
| 120|0x00000000e7800000, 0x00000000e7900000, 0x00000000e7900000|100%| S|CS|TAMS 0x00000000e7800000| PB 0x00000000e7800000| Complete 
| 121|0x00000000e7900000, 0x00000000e7a00000, 0x00000000e7a00000|100%| S|CS|TAMS 0x00000000e7900000| PB 0x00000000e7900000| Complete 
| 122|0x00000000e7a00000, 0x00000000e7a00000, 0x00000000e7b00000|  0%| F|  |TAMS 0x00000000e7a00000| PB 0x00000000e7a00000| Untracked 
| 123|0x00000000e7b00000, 0x00000000e7b00000, 0x00000000e7c00000|  0%| F|  |TAMS 0x00000000e7b00000| PB 0x00000000e7b00000| Untracked 
| 124|0x00000000e7c00000, 0x00000000e7c00000, 0x00000000e7d00000|  0%| F|  |TAMS 0x00000000e7c00000| PB 0x00000000e7c00000| Untracked 
| 125|0x00000000e7d00000, 0x00000000e7d00000, 0x00000000e7e00000|  0%| F|  |TAMS 0x00000000e7d00000| PB 0x00000000e7d00000| Untracked 
| 126|0x00000000e7e00000, 0x00000000e7e00000, 0x00000000e7f00000|  0%| F|  |TAMS 0x00000000e7e00000| PB 0x00000000e7e00000| Untracked 
| 127|0x00000000e7f00000, 0x00000000e7f00000, 0x00000000e8000000|  0%| F|  |TAMS 0x00000000e7f00000| PB 0x00000000e7f00000| Untracked 
| 128|0x00000000e8000000, 0x00000000e8000000, 0x00000000e8100000|  0%| F|  |TAMS 0x00000000e8000000| PB 0x00000000e8000000| Untracked 
| 129|0x00000000e8100000, 0x00000000e8100000, 0x00000000e8200000|  0%| F|  |TAMS 0x00000000e8100000| PB 0x00000000e8100000| Untracked 
| 130|0x00000000e8200000, 0x00000000e8200000, 0x00000000e8300000|  0%| F|  |TAMS 0x00000000e8200000| PB 0x00000000e8200000| Untracked 
| 131|0x00000000e8300000, 0x00000000e8300000, 0x00000000e8400000|  0%| F|  |TAMS 0x00000000e8300000| PB 0x00000000e8300000| Untracked 
| 132|0x00000000e8400000, 0x00000000e8400000, 0x00000000e8500000|  0%| F|  |TAMS 0x00000000e8400000| PB 0x00000000e8400000| Untracked 
| 133|0x00000000e8500000, 0x00000000e8500000, 0x00000000e8600000|  0%| F|  |TAMS 0x00000000e8500000| PB 0x00000000e8500000| Untracked 
| 134|0x00000000e8600000, 0x00000000e8600000, 0x00000000e8700000|  0%| F|  |TAMS 0x00000000e8600000| PB 0x00000000e8600000| Untracked 
| 135|0x00000000e8700000, 0x00000000e8700000, 0x00000000e8800000|  0%| F|  |TAMS 0x00000000e8700000| PB 0x00000000e8700000| Untracked 
| 136|0x00000000e8800000, 0x00000000e8800000, 0x00000000e8900000|  0%| F|  |TAMS 0x00000000e8800000| PB 0x00000000e8800000| Untracked 
| 137|0x00000000e8900000, 0x00000000e8900000, 0x00000000e8a00000|  0%| F|  |TAMS 0x00000000e8900000| PB 0x00000000e8900000| Untracked 
| 138|0x00000000e8a00000, 0x00000000e8a00000, 0x00000000e8b00000|  0%| F|  |TAMS 0x00000000e8a00000| PB 0x00000000e8a00000| Untracked 
| 139|0x00000000e8b00000, 0x00000000e8b00000, 0x00000000e8c00000|  0%| F|  |TAMS 0x00000000e8b00000| PB 0x00000000e8b00000| Untracked 
| 140|0x00000000e8c00000, 0x00000000e8c00000, 0x00000000e8d00000|  0%| F|  |TAMS 0x00000000e8c00000| PB 0x00000000e8c00000| Untracked 
| 141|0x00000000e8d00000, 0x00000000e8d00000, 0x00000000e8e00000|  0%| F|  |TAMS 0x00000000e8d00000| PB 0x00000000e8d00000| Untracked 
| 142|0x00000000e8e00000, 0x00000000e8e00000, 0x00000000e8f00000|  0%| F|  |TAMS 0x00000000e8e00000| PB 0x00000000e8e00000| Untracked 
| 143|0x00000000e8f00000, 0x00000000e8f00000, 0x00000000e9000000|  0%| F|  |TAMS 0x00000000e8f00000| PB 0x00000000e8f00000| Untracked 
| 144|0x00000000e9000000, 0x00000000e9000000, 0x00000000e9100000|  0%| F|  |TAMS 0x00000000e9000000| PB 0x00000000e9000000| Untracked 
| 145|0x00000000e9100000, 0x00000000e9100000, 0x00000000e9200000|  0%| F|  |TAMS 0x00000000e9100000| PB 0x00000000e9100000| Untracked 
| 146|0x00000000e9200000, 0x00000000e9200000, 0x00000000e9300000|  0%| F|  |TAMS 0x00000000e9200000| PB 0x00000000e9200000| Untracked 
| 147|0x00000000e9300000, 0x00000000e9300000, 0x00000000e9400000|  0%| F|  |TAMS 0x00000000e9300000| PB 0x00000000e9300000| Untracked 
| 148|0x00000000e9400000, 0x00000000e9400000, 0x00000000e9500000|  0%| F|  |TAMS 0x00000000e9400000| PB 0x00000000e9400000| Untracked 
| 149|0x00000000e9500000, 0x00000000e9500000, 0x00000000e9600000|  0%| F|  |TAMS 0x00000000e9500000| PB 0x00000000e9500000| Untracked 
| 150|0x00000000e9600000, 0x00000000e9600000, 0x00000000e9700000|  0%| F|  |TAMS 0x00000000e9600000| PB 0x00000000e9600000| Untracked 
| 151|0x00000000e9700000, 0x00000000e9700000, 0x00000000e9800000|  0%| F|  |TAMS 0x00000000e9700000| PB 0x00000000e9700000| Untracked 
| 152|0x00000000e9800000, 0x00000000e9800000, 0x00000000e9900000|  0%| F|  |TAMS 0x00000000e9800000| PB 0x00000000e9800000| Untracked 
| 153|0x00000000e9900000, 0x00000000e9900000, 0x00000000e9a00000|  0%| F|  |TAMS 0x00000000e9900000| PB 0x00000000e9900000| Untracked 
| 154|0x00000000e9a00000, 0x00000000e9a00000, 0x00000000e9b00000|  0%| F|  |TAMS 0x00000000e9a00000| PB 0x00000000e9a00000| Untracked 
| 155|0x00000000e9b00000, 0x00000000e9b00000, 0x00000000e9c00000|  0%| F|  |TAMS 0x00000000e9b00000| PB 0x00000000e9b00000| Untracked 
| 156|0x00000000e9c00000, 0x00000000e9c00000, 0x00000000e9d00000|  0%| F|  |TAMS 0x00000000e9c00000| PB 0x00000000e9c00000| Untracked 
| 157|0x00000000e9d00000, 0x00000000e9d00000, 0x00000000e9e00000|  0%| F|  |TAMS 0x00000000e9d00000| PB 0x00000000e9d00000| Untracked 
| 158|0x00000000e9e00000, 0x00000000e9e00000, 0x00000000e9f00000|  0%| F|  |TAMS 0x00000000e9e00000| PB 0x00000000e9e00000| Untracked 
| 159|0x00000000e9f00000, 0x00000000e9f00000, 0x00000000ea000000|  0%| F|  |TAMS 0x00000000e9f00000| PB 0x00000000e9f00000| Untracked 
| 160|0x00000000ea000000, 0x00000000ea000000, 0x00000000ea100000|  0%| F|  |TAMS 0x00000000ea000000| PB 0x00000000ea000000| Untracked 
| 161|0x00000000ea100000, 0x00000000ea100000, 0x00000000ea200000|  0%| F|  |TAMS 0x00000000ea100000| PB 0x00000000ea100000| Untracked 
| 162|0x00000000ea200000, 0x00000000ea200000, 0x00000000ea300000|  0%| F|  |TAMS 0x00000000ea200000| PB 0x00000000ea200000| Untracked 
| 163|0x00000000ea300000, 0x00000000ea300000, 0x00000000ea400000|  0%| F|  |TAMS 0x00000000ea300000| PB 0x00000000ea300000| Untracked 
| 164|0x00000000ea400000, 0x00000000ea400000, 0x00000000ea500000|  0%| F|  |TAMS 0x00000000ea400000| PB 0x00000000ea400000| Untracked 
| 165|0x00000000ea500000, 0x00000000ea500000, 0x00000000ea600000|  0%| F|  |TAMS 0x00000000ea500000| PB 0x00000000ea500000| Untracked 
| 166|0x00000000ea600000, 0x00000000ea600000, 0x00000000ea700000|  0%| F|  |TAMS 0x00000000ea600000| PB 0x00000000ea600000| Untracked 
| 167|0x00000000ea700000, 0x00000000ea700000, 0x00000000ea800000|  0%| F|  |TAMS 0x00000000ea700000| PB 0x00000000ea700000| Untracked 
| 168|0x00000000ea800000, 0x00000000ea800000, 0x00000000ea900000|  0%| F|  |TAMS 0x00000000ea800000| PB 0x00000000ea800000| Untracked 
| 169|0x00000000ea900000, 0x00000000ea900000, 0x00000000eaa00000|  0%| F|  |TAMS 0x00000000ea900000| PB 0x00000000ea900000| Untracked 
| 170|0x00000000eaa00000, 0x00000000eaa00000, 0x00000000eab00000|  0%| F|  |TAMS 0x00000000eaa00000| PB 0x00000000eaa00000| Untracked 
| 171|0x00000000eab00000, 0x00000000eab00000, 0x00000000eac00000|  0%| F|  |TAMS 0x00000000eab00000| PB 0x00000000eab00000| Untracked 
| 172|0x00000000eac00000, 0x00000000eac00000, 0x00000000ead00000|  0%| F|  |TAMS 0x00000000eac00000| PB 0x00000000eac00000| Untracked 
| 173|0x00000000ead00000, 0x00000000ead00000, 0x00000000eae00000|  0%| F|  |TAMS 0x00000000ead00000| PB 0x00000000ead00000| Untracked 
| 174|0x00000000eae00000, 0x00000000eae00000, 0x00000000eaf00000|  0%| F|  |TAMS 0x00000000eae00000| PB 0x00000000eae00000| Untracked 
| 175|0x00000000eaf00000, 0x00000000eaf00000, 0x00000000eb000000|  0%| F|  |TAMS 0x00000000eaf00000| PB 0x00000000eaf00000| Untracked 
| 176|0x00000000eb000000, 0x00000000eb000000, 0x00000000eb100000|  0%| F|  |TAMS 0x00000000eb000000| PB 0x00000000eb000000| Untracked 
| 177|0x00000000eb100000, 0x00000000eb100000, 0x00000000eb200000|  0%| F|  |TAMS 0x00000000eb100000| PB 0x00000000eb100000| Untracked 
| 178|0x00000000eb200000, 0x00000000eb200000, 0x00000000eb300000|  0%| F|  |TAMS 0x00000000eb200000| PB 0x00000000eb200000| Untracked 
| 179|0x00000000eb300000, 0x00000000eb300000, 0x00000000eb400000|  0%| F|  |TAMS 0x00000000eb300000| PB 0x00000000eb300000| Untracked 
| 180|0x00000000eb400000, 0x00000000eb400000, 0x00000000eb500000|  0%| F|  |TAMS 0x00000000eb400000| PB 0x00000000eb400000| Untracked 
| 181|0x00000000eb500000, 0x00000000eb500000, 0x00000000eb600000|  0%| F|  |TAMS 0x00000000eb500000| PB 0x00000000eb500000| Untracked 
| 182|0x00000000eb600000, 0x00000000eb600000, 0x00000000eb700000|  0%| F|  |TAMS 0x00000000eb600000| PB 0x00000000eb600000| Untracked 
| 183|0x00000000eb700000, 0x00000000eb700000, 0x00000000eb800000|  0%| F|  |TAMS 0x00000000eb700000| PB 0x00000000eb700000| Untracked 
| 184|0x00000000eb800000, 0x00000000eb800000, 0x00000000eb900000|  0%| F|  |TAMS 0x00000000eb800000| PB 0x00000000eb800000| Untracked 
| 185|0x00000000eb900000, 0x00000000eb900000, 0x00000000eba00000|  0%| F|  |TAMS 0x00000000eb900000| PB 0x00000000eb900000| Untracked 
| 186|0x00000000eba00000, 0x00000000eba00000, 0x00000000ebb00000|  0%| F|  |TAMS 0x00000000eba00000| PB 0x00000000eba00000| Untracked 
| 187|0x00000000ebb00000, 0x00000000ebb00000, 0x00000000ebc00000|  0%| F|  |TAMS 0x00000000ebb00000| PB 0x00000000ebb00000| Untracked 
| 188|0x00000000ebc00000, 0x00000000ebc00000, 0x00000000ebd00000|  0%| F|  |TAMS 0x00000000ebc00000| PB 0x00000000ebc00000| Untracked 
| 189|0x00000000ebd00000, 0x00000000ebd00000, 0x00000000ebe00000|  0%| F|  |TAMS 0x00000000ebd00000| PB 0x00000000ebd00000| Untracked 
| 190|0x00000000ebe00000, 0x00000000ebe00000, 0x00000000ebf00000|  0%| F|  |TAMS 0x00000000ebe00000| PB 0x00000000ebe00000| Untracked 
| 191|0x00000000ebf00000, 0x00000000ebf00000, 0x00000000ec000000|  0%| F|  |TAMS 0x00000000ebf00000| PB 0x00000000ebf00000| Untracked 
| 192|0x00000000ec000000, 0x00000000ec000000, 0x00000000ec100000|  0%| F|  |TAMS 0x00000000ec000000| PB 0x00000000ec000000| Untracked 
| 193|0x00000000ec100000, 0x00000000ec100000, 0x00000000ec200000|  0%| F|  |TAMS 0x00000000ec100000| PB 0x00000000ec100000| Untracked 
| 194|0x00000000ec200000, 0x00000000ec200000, 0x00000000ec300000|  0%| F|  |TAMS 0x00000000ec200000| PB 0x00000000ec200000| Untracked 
| 195|0x00000000ec300000, 0x00000000ec300000, 0x00000000ec400000|  0%| F|  |TAMS 0x00000000ec300000| PB 0x00000000ec300000| Untracked 
| 196|0x00000000ec400000, 0x00000000ec400000, 0x00000000ec500000|  0%| F|  |TAMS 0x00000000ec400000| PB 0x00000000ec400000| Untracked 
| 197|0x00000000ec500000, 0x00000000ec500000, 0x00000000ec600000|  0%| F|  |TAMS 0x00000000ec500000| PB 0x00000000ec500000| Untracked 
| 198|0x00000000ec600000, 0x00000000ec600000, 0x00000000ec700000|  0%| F|  |TAMS 0x00000000ec600000| PB 0x00000000ec600000| Untracked 
| 199|0x00000000ec700000, 0x00000000ec700000, 0x00000000ec800000|  0%| F|  |TAMS 0x00000000ec700000| PB 0x00000000ec700000| Untracked 
| 200|0x00000000ec800000, 0x00000000ec800000, 0x00000000ec900000|  0%| F|  |TAMS 0x00000000ec800000| PB 0x00000000ec800000| Untracked 
| 201|0x00000000ec900000, 0x00000000ec900000, 0x00000000eca00000|  0%| F|  |TAMS 0x00000000ec900000| PB 0x00000000ec900000| Untracked 
| 202|0x00000000eca00000, 0x00000000eca00000, 0x00000000ecb00000|  0%| F|  |TAMS 0x00000000eca00000| PB 0x00000000eca00000| Untracked 
| 203|0x00000000ecb00000, 0x00000000ecb00000, 0x00000000ecc00000|  0%| F|  |TAMS 0x00000000ecb00000| PB 0x00000000ecb00000| Untracked 
| 204|0x00000000ecc00000, 0x00000000ecc00000, 0x00000000ecd00000|  0%| F|  |TAMS 0x00000000ecc00000| PB 0x00000000ecc00000| Untracked 
| 205|0x00000000ecd00000, 0x00000000ecd00000, 0x00000000ece00000|  0%| F|  |TAMS 0x00000000ecd00000| PB 0x00000000ecd00000| Untracked 
| 206|0x00000000ece00000, 0x00000000ece00000, 0x00000000ecf00000|  0%| F|  |TAMS 0x00000000ece00000| PB 0x00000000ece00000| Untracked 
| 207|0x00000000ecf00000, 0x00000000ecf00000, 0x00000000ed000000|  0%| F|  |TAMS 0x00000000ecf00000| PB 0x00000000ecf00000| Untracked 
| 208|0x00000000ed000000, 0x00000000ed000000, 0x00000000ed100000|  0%| F|  |TAMS 0x00000000ed000000| PB 0x00000000ed000000| Untracked 
| 209|0x00000000ed100000, 0x00000000ed100000, 0x00000000ed200000|  0%| F|  |TAMS 0x00000000ed100000| PB 0x00000000ed100000| Untracked 
| 210|0x00000000ed200000, 0x00000000ed200000, 0x00000000ed300000|  0%| F|  |TAMS 0x00000000ed200000| PB 0x00000000ed200000| Untracked 
| 211|0x00000000ed300000, 0x00000000ed300000, 0x00000000ed400000|  0%| F|  |TAMS 0x00000000ed300000| PB 0x00000000ed300000| Untracked 
| 212|0x00000000ed400000, 0x00000000ed400000, 0x00000000ed500000|  0%| F|  |TAMS 0x00000000ed400000| PB 0x00000000ed400000| Untracked 
| 213|0x00000000ed500000, 0x00000000ed500000, 0x00000000ed600000|  0%| F|  |TAMS 0x00000000ed500000| PB 0x00000000ed500000| Untracked 
| 214|0x00000000ed600000, 0x00000000ed600000, 0x00000000ed700000|  0%| F|  |TAMS 0x00000000ed600000| PB 0x00000000ed600000| Untracked 
| 215|0x00000000ed700000, 0x00000000ed700000, 0x00000000ed800000|  0%| F|  |TAMS 0x00000000ed700000| PB 0x00000000ed700000| Untracked 
| 216|0x00000000ed800000, 0x00000000ed800000, 0x00000000ed900000|  0%| F|  |TAMS 0x00000000ed800000| PB 0x00000000ed800000| Untracked 
| 217|0x00000000ed900000, 0x00000000ed900000, 0x00000000eda00000|  0%| F|  |TAMS 0x00000000ed900000| PB 0x00000000ed900000| Untracked 
| 218|0x00000000eda00000, 0x00000000eda00000, 0x00000000edb00000|  0%| F|  |TAMS 0x00000000eda00000| PB 0x00000000eda00000| Untracked 
| 219|0x00000000edb00000, 0x00000000edb00000, 0x00000000edc00000|  0%| F|  |TAMS 0x00000000edb00000| PB 0x00000000edb00000| Untracked 
| 220|0x00000000edc00000, 0x00000000edc00000, 0x00000000edd00000|  0%| F|  |TAMS 0x00000000edc00000| PB 0x00000000edc00000| Untracked 
| 221|0x00000000edd00000, 0x00000000edd00000, 0x00000000ede00000|  0%| F|  |TAMS 0x00000000edd00000| PB 0x00000000edd00000| Untracked 
| 222|0x00000000ede00000, 0x00000000ede00000, 0x00000000edf00000|  0%| F|  |TAMS 0x00000000ede00000| PB 0x00000000ede00000| Untracked 
| 223|0x00000000edf00000, 0x00000000edf00000, 0x00000000ee000000|  0%| F|  |TAMS 0x00000000edf00000| PB 0x00000000edf00000| Untracked 
| 224|0x00000000ee000000, 0x00000000ee000000, 0x00000000ee100000|  0%| F|  |TAMS 0x00000000ee000000| PB 0x00000000ee000000| Untracked 
| 225|0x00000000ee100000, 0x00000000ee100000, 0x00000000ee200000|  0%| F|  |TAMS 0x00000000ee100000| PB 0x00000000ee100000| Untracked 
| 226|0x00000000ee200000, 0x00000000ee200000, 0x00000000ee300000|  0%| F|  |TAMS 0x00000000ee200000| PB 0x00000000ee200000| Untracked 
| 227|0x00000000ee300000, 0x00000000ee300000, 0x00000000ee400000|  0%| F|  |TAMS 0x00000000ee300000| PB 0x00000000ee300000| Untracked 
| 228|0x00000000ee400000, 0x00000000ee400000, 0x00000000ee500000|  0%| F|  |TAMS 0x00000000ee400000| PB 0x00000000ee400000| Untracked 
| 229|0x00000000ee500000, 0x00000000ee500000, 0x00000000ee600000|  0%| F|  |TAMS 0x00000000ee500000| PB 0x00000000ee500000| Untracked 
| 230|0x00000000ee600000, 0x00000000ee600000, 0x00000000ee700000|  0%| F|  |TAMS 0x00000000ee600000| PB 0x00000000ee600000| Untracked 
| 231|0x00000000ee700000, 0x00000000ee700000, 0x00000000ee800000|  0%| F|  |TAMS 0x00000000ee700000| PB 0x00000000ee700000| Untracked 
| 232|0x00000000ee800000, 0x00000000ee800000, 0x00000000ee900000|  0%| F|  |TAMS 0x00000000ee800000| PB 0x00000000ee800000| Untracked 
| 233|0x00000000ee900000, 0x00000000ee900000, 0x00000000eea00000|  0%| F|  |TAMS 0x00000000ee900000| PB 0x00000000ee900000| Untracked 
| 234|0x00000000eea00000, 0x00000000eea00000, 0x00000000eeb00000|  0%| F|  |TAMS 0x00000000eea00000| PB 0x00000000eea00000| Untracked 
| 235|0x00000000eeb00000, 0x00000000eeb00000, 0x00000000eec00000|  0%| F|  |TAMS 0x00000000eeb00000| PB 0x00000000eeb00000| Untracked 
| 236|0x00000000eec00000, 0x00000000eec00000, 0x00000000eed00000|  0%| F|  |TAMS 0x00000000eec00000| PB 0x00000000eec00000| Untracked 
| 237|0x00000000eed00000, 0x00000000eed00000, 0x00000000eee00000|  0%| F|  |TAMS 0x00000000eed00000| PB 0x00000000eed00000| Untracked 
| 238|0x00000000eee00000, 0x00000000eee00000, 0x00000000eef00000|  0%| F|  |TAMS 0x00000000eee00000| PB 0x00000000eee00000| Untracked 
| 239|0x00000000eef00000, 0x00000000eef00000, 0x00000000ef000000|  0%| F|  |TAMS 0x00000000eef00000| PB 0x00000000eef00000| Untracked 
| 240|0x00000000ef000000, 0x00000000ef081bc8, 0x00000000ef100000| 50%| E|  |TAMS 0x00000000ef000000| PB 0x00000000ef000000| Complete 
| 241|0x00000000ef100000, 0x00000000ef200000, 0x00000000ef200000|100%| E|CS|TAMS 0x00000000ef100000| PB 0x00000000ef100000| Complete 
| 242|0x00000000ef200000, 0x00000000ef300000, 0x00000000ef300000|100%| E|CS|TAMS 0x00000000ef200000| PB 0x00000000ef200000| Complete 
| 243|0x00000000ef300000, 0x00000000ef400000, 0x00000000ef400000|100%| E|CS|TAMS 0x00000000ef300000| PB 0x00000000ef300000| Complete 
| 244|0x00000000ef400000, 0x00000000ef500000, 0x00000000ef500000|100%| E|CS|TAMS 0x00000000ef400000| PB 0x00000000ef400000| Complete 
| 245|0x00000000ef500000, 0x00000000ef600000, 0x00000000ef600000|100%| E|CS|TAMS 0x00000000ef500000| PB 0x00000000ef500000| Complete 
| 246|0x00000000ef600000, 0x00000000ef700000, 0x00000000ef700000|100%| E|CS|TAMS 0x00000000ef600000| PB 0x00000000ef600000| Complete 
| 247|0x00000000ef700000, 0x00000000ef800000, 0x00000000ef800000|100%| E|CS|TAMS 0x00000000ef700000| PB 0x00000000ef700000| Complete 
| 248|0x00000000ef800000, 0x00000000ef900000, 0x00000000ef900000|100%| E|CS|TAMS 0x00000000ef800000| PB 0x00000000ef800000| Complete 
| 249|0x00000000ef900000, 0x00000000efa00000, 0x00000000efa00000|100%| E|CS|TAMS 0x00000000ef900000| PB 0x00000000ef900000| Complete 
| 250|0x00000000efa00000, 0x00000000efb00000, 0x00000000efb00000|100%| E|CS|TAMS 0x00000000efa00000| PB 0x00000000efa00000| Complete 
| 251|0x00000000efb00000, 0x00000000efc00000, 0x00000000efc00000|100%| E|CS|TAMS 0x00000000efb00000| PB 0x00000000efb00000| Complete 
| 252|0x00000000efc00000, 0x00000000efd00000, 0x00000000efd00000|100%| E|CS|TAMS 0x00000000efc00000| PB 0x00000000efc00000| Complete 
| 253|0x00000000efd00000, 0x00000000efe00000, 0x00000000efe00000|100%| E|CS|TAMS 0x00000000efd00000| PB 0x00000000efd00000| Complete 
| 254|0x00000000efe00000, 0x00000000eff00000, 0x00000000eff00000|100%| E|CS|TAMS 0x00000000efe00000| PB 0x00000000efe00000| Complete 
| 255|0x00000000eff00000, 0x00000000f0000000, 0x00000000f0000000|100%| E|CS|TAMS 0x00000000eff00000| PB 0x00000000eff00000| Complete 
| 256|0x00000000f0000000, 0x00000000f0100000, 0x00000000f0100000|100%| S|CS|TAMS 0x00000000f0000000| PB 0x00000000f0000000| Complete 
| 257|0x00000000f0100000, 0x00000000f0200000, 0x00000000f0200000|100%| S|CS|TAMS 0x00000000f0100000| PB 0x00000000f0100000| Complete 
| 258|0x00000000f0200000, 0x00000000f0300000, 0x00000000f0300000|100%| S|CS|TAMS 0x00000000f0200000| PB 0x00000000f0200000| Complete 
| 259|0x00000000f0300000, 0x00000000f0400000, 0x00000000f0400000|100%| S|CS|TAMS 0x00000000f0300000| PB 0x00000000f0300000| Complete 
| 260|0x00000000f0400000, 0x00000000f0500000, 0x00000000f0500000|100%| S|CS|TAMS 0x00000000f0400000| PB 0x00000000f0400000| Complete 
| 261|0x00000000f0500000, 0x00000000f0600000, 0x00000000f0600000|100%| S|CS|TAMS 0x00000000f0500000| PB 0x00000000f0500000| Complete 
| 262|0x00000000f0600000, 0x00000000f0700000, 0x00000000f0700000|100%| S|CS|TAMS 0x00000000f0600000| PB 0x00000000f0600000| Complete 
| 263|0x00000000f0700000, 0x00000000f0800000, 0x00000000f0800000|100%| S|CS|TAMS 0x00000000f0700000| PB 0x00000000f0700000| Complete 
| 264|0x00000000f0800000, 0x00000000f0900000, 0x00000000f0900000|100%| S|CS|TAMS 0x00000000f0800000| PB 0x00000000f0800000| Complete 
| 265|0x00000000f0900000, 0x00000000f0a00000, 0x00000000f0a00000|100%| S|CS|TAMS 0x00000000f0900000| PB 0x00000000f0900000| Complete 
| 266|0x00000000f0a00000, 0x00000000f0b00000, 0x00000000f0b00000|100%| S|CS|TAMS 0x00000000f0a00000| PB 0x00000000f0a00000| Complete 
| 267|0x00000000f0b00000, 0x00000000f0b71ba8, 0x00000000f0c00000| 44%| S|CS|TAMS 0x00000000f0b00000| PB 0x00000000f0b00000| Complete 
| 507|0x00000000ffb00000, 0x00000000ffb0c9a0, 0x00000000ffc00000|  4%| O|  |TAMS 0x00000000ffb00000| PB 0x00000000ffb00000| Untracked 
| 508|0x00000000ffc00000, 0x00000000ffd00000, 0x00000000ffd00000|100%| O|  |TAMS 0x00000000ffc00000| PB 0x00000000ffc00000| Untracked 
| 509|0x00000000ffd00000, 0x00000000ffe00000, 0x00000000ffe00000|100%| O|  |TAMS 0x00000000ffd00000| PB 0x00000000ffd00000| Untracked 
| 510|0x00000000ffe00000, 0x00000000fff00000, 0x00000000fff00000|100%| O|  |TAMS 0x00000000ffe00000| PB 0x00000000ffe00000| Untracked 
| 511|0x00000000fff00000, 0x0000000100000000, 0x0000000100000000|100%| O|  |TAMS 0x00000000fff00000| PB 0x00000000fff00000| Untracked 

Card table byte_map: [0x000001aa706e0000,0x000001aa707e0000] _byte_map_base: 0x000001aa6ffe0000

Marking Bits: (CMBitMap*) 0x000001aa56f490e0
 Bits: [0x000001aa707e0000, 0x000001aa70fe0000)

Polling page: 0x000001aa56fe0000

Metaspace:

Usage:
  Non-class:     64.35 MB used.
      Class:     10.78 MB used.
       Both:     75.13 MB used.

Virtual space:
  Non-class space:      128.00 MB reserved,      65.44 MB ( 51%) committed,  2 nodes.
      Class space:      320.00 MB reserved,      11.94 MB (  4%) committed,  1 nodes.
             Both:      448.00 MB reserved,      77.38 MB ( 17%) committed. 

Chunk freelists:
   Non-Class:  14.36 MB
       Class:  4.09 MB
        Both:  18.45 MB

MaxMetaspaceSize: 384.00 MB
CompressedClassSpaceSize: 320.00 MB
Initial GC threshold: 21.00 MB
Current GC threshold: 98.12 MB
CDS: on
 - commit_granule_bytes: 65536.
 - commit_granule_words: 8192.
 - virtual_space_node_default_size: 8388608.
 - enlarge_chunks_in_place: 1.
 - use_allocation_guard: 0.


Internal statistics:

num_allocs_failed_limit: 9.
num_arena_births: 4282.
num_arena_deaths: 0.
num_vsnodes_births: 3.
num_vsnodes_deaths: 0.
num_space_committed: 1238.
num_space_uncommitted: 0.
num_chunks_returned_to_freelist: 9.
num_chunks_taken_from_freelist: 8154.
num_chunk_merges: 6.
num_chunk_splits: 5218.
num_chunks_enlarged: 3081.
num_inconsistent_stats: 0.

CodeHeap 'non-profiled nmethods': size=120000Kb used=11774Kb max_used=11774Kb free=108225Kb
 bounds [0x000001aa68630000, 0x000001aa691b0000, 0x000001aa6fb60000]
CodeHeap 'profiled nmethods': size=120000Kb used=26608Kb max_used=26608Kb free=93391Kb
 bounds [0x000001aa60b60000, 0x000001aa62560000, 0x000001aa68090000]
CodeHeap 'non-nmethods': size=5760Kb used=2285Kb max_used=2346Kb free=3474Kb
 bounds [0x000001aa68090000, 0x000001aa68300000, 0x000001aa68630000]
 total_blobs=14219 nmethods=13423 adapters=700
 compilation: enabled
              stopped_count=0, restarted_count=0
 full_count=0

Compilation events (20 events):
Event: 2197.441 Thread 0x000001aa73ad9460 14141       2       groovyjarjarantlr4.v4.runtime.atn.ParserATNSimulator::createDFAState (10 bytes)
Event: 2197.442 Thread 0x000001aa73ad9460 nmethod 14141 0x000001aa62555f10 code [0x000001aa625560c0, 0x000001aa62556368]
Event: 2197.442 Thread 0x000001aa73ad9460 14142       2       groovyjarjarantlr4.v4.runtime.atn.ATNConfig::create (11 bytes)
Event: 2197.442 Thread 0x000001aa73ad9460 nmethod 14142 0x000001aa62556490 code [0x000001aa62556640, 0x000001aa62556758]
Event: 2197.442 Thread 0x000001aa73ad9460 14143       1       groovyjarjarantlr4.v4.runtime.dfa.EmptyEdgeMap::get (2 bytes)
Event: 2197.442 Thread 0x000001aa73ad9460 nmethod 14143 0x000001aa691af590 code [0x000001aa691af720, 0x000001aa691af7f0]
Event: 2197.444 Thread 0x000001aa73ad9460 14144       2       java.util.HashMap$TreeNode::<init> (10 bytes)
Event: 2197.444 Thread 0x000001aa73ad9460 nmethod 14144 0x000001aa62556810 code [0x000001aa625569c0, 0x000001aa62556ae0]
Event: 2197.444 Thread 0x000001aa73ad9460 14145       2       java.util.HashMap$TreeNode::balanceInsertion (245 bytes)
Event: 2197.444 Thread 0x000001aa73ad9460 nmethod 14145 0x000001aa62556b90 code [0x000001aa62556da0, 0x000001aa62557398]
Event: 2198.463 Thread 0x000001aa73ad9460 14147       2       groovyjarjarantlr4.v4.runtime.atn.ParserATNSimulator::computeTargetState (583 bytes)
Event: 2198.465 Thread 0x000001aa73ad9460 nmethod 14147 0x000001aa62557810 code [0x000001aa62557c00, 0x000001aa62559260]
Event: 2198.466 Thread 0x000001aa73ad9460 14149       3       java.util.HashSet::add (20 bytes)
Event: 2198.466 Thread 0x000001aa73ad9460 nmethod 14149 0x000001aa6255a190 code [0x000001aa6255a340, 0x000001aa6255a580]
Event: 2198.466 Thread 0x000001aa73ad9460 14148       2       groovyjarjarantlr4.v4.runtime.atn.SimulatorState::<init> (36 bytes)
Event: 2198.466 Thread 0x000001aa73ad9460 nmethod 14148 0x000001aa6255a690 code [0x000001aa6255a840, 0x000001aa6255aa70]
Event: 2198.481 Thread 0x000001aa73ad9460 14150       2       groovyjarjarantlr4.v4.runtime.atn.ATNConfigSet::hashCode (65 bytes)
Event: 2198.481 Thread 0x000001aa73ad9460 nmethod 14150 0x000001aa6255ab10 code [0x000001aa6255acc0, 0x000001aa6255aea0]
Event: 2199.466 Thread 0x000001aa73ad9460 14151       2       groovyjarjarantlr4.v4.runtime.BufferedTokenStream::size (10 bytes)
Event: 2199.466 Thread 0x000001aa73ad9460 nmethod 14151 0x000001aa6255af90 code [0x000001aa6255b140, 0x000001aa6255b278]

GC Heap History (20 events):
Event: 17.658 GC heap before
{Heap before GC invocations=21 (full 0):
 garbage-first heap   total 262144K, used 211849K [0x00000000e0000000, 0x0000000100000000)
  region size 1024K, 153 young (156672K), 12 survivors (12288K)
 Metaspace       used 70239K, committed 72448K, reserved 393216K
  class space    used 9979K, committed 11072K, reserved 327680K
}
Event: 17.667 GC heap after
{Heap after GC invocations=22 (full 0):
 garbage-first heap   total 262144K, used 70527K [0x00000000e0000000, 0x0000000100000000)
  region size 1024K, 12 young (12288K), 12 survivors (12288K)
 Metaspace       used 70239K, committed 72448K, reserved 393216K
  class space    used 9979K, committed 11072K, reserved 327680K
}
Event: 18.024 GC heap before
{Heap before GC invocations=22 (full 0):
 garbage-first heap   total 262144K, used 213887K [0x00000000e0000000, 0x0000000100000000)
  region size 1024K, 153 young (156672K), 12 survivors (12288K)
 Metaspace       used 70257K, committed 72512K, reserved 393216K
  class space    used 9980K, committed 11072K, reserved 327680K
}
Event: 18.034 GC heap after
{Heap after GC invocations=23 (full 0):
 garbage-first heap   total 262144K, used 77388K [0x00000000e0000000, 0x0000000100000000)
  region size 1024K, 17 young (17408K), 17 survivors (17408K)
 Metaspace       used 70257K, committed 72512K, reserved 393216K
  class space    used 9980K, committed 11072K, reserved 327680K
}
Event: 18.329 GC heap before
{Heap before GC invocations=23 (full 0):
 garbage-first heap   total 262144K, used 215628K [0x00000000e0000000, 0x0000000100000000)
  region size 1024K, 153 young (156672K), 17 survivors (17408K)
 Metaspace       used 70275K, committed 72576K, reserved 393216K
  class space    used 9980K, committed 11072K, reserved 327680K
}
Event: 18.338 GC heap after
{Heap after GC invocations=24 (full 0):
 garbage-first heap   total 262144K, used 80372K [0x00000000e0000000, 0x0000000100000000)
  region size 1024K, 15 young (15360K), 15 survivors (15360K)
 Metaspace       used 70275K, committed 72576K, reserved 393216K
  class space    used 9980K, committed 11072K, reserved 327680K
}
Event: 18.638 GC heap before
{Heap before GC invocations=24 (full 0):
 garbage-first heap   total 262144K, used 220660K [0x00000000e0000000, 0x0000000100000000)
  region size 1024K, 153 young (156672K), 15 survivors (15360K)
 Metaspace       used 70285K, committed 72576K, reserved 393216K
  class space    used 9981K, committed 11072K, reserved 327680K
}
Event: 18.648 GC heap after
{Heap after GC invocations=25 (full 0):
 garbage-first heap   total 262144K, used 82807K [0x00000000e0000000, 0x0000000100000000)
  region size 1024K, 9 young (9216K), 9 survivors (9216K)
 Metaspace       used 70285K, committed 72576K, reserved 393216K
  class space    used 9981K, committed 11072K, reserved 327680K
}
Event: 18.922 GC heap before
{Heap before GC invocations=25 (full 0):
 garbage-first heap   total 262144K, used 229239K [0x00000000e0000000, 0x0000000100000000)
  region size 1024K, 153 young (156672K), 9 survivors (9216K)
 Metaspace       used 70286K, committed 72576K, reserved 393216K
  class space    used 9981K, committed 11072K, reserved 327680K
}
Event: 18.930 GC heap after
{Heap after GC invocations=26 (full 0):
 garbage-first heap   total 262144K, used 83501K [0x00000000e0000000, 0x0000000100000000)
  region size 1024K, 9 young (9216K), 9 survivors (9216K)
 Metaspace       used 70286K, committed 72576K, reserved 393216K
  class space    used 9981K, committed 11072K, reserved 327680K
}
Event: 19.416 GC heap before
{Heap before GC invocations=26 (full 0):
 garbage-first heap   total 262144K, used 230957K [0x00000000e0000000, 0x0000000100000000)
  region size 1024K, 153 young (156672K), 9 survivors (9216K)
 Metaspace       used 70289K, committed 72576K, reserved 393216K
  class space    used 9981K, committed 11072K, reserved 327680K
}
Event: 19.424 GC heap after
{Heap after GC invocations=27 (full 0):
 garbage-first heap   total 262144K, used 84736K [0x00000000e0000000, 0x0000000100000000)
  region size 1024K, 11 young (11264K), 11 survivors (11264K)
 Metaspace       used 70289K, committed 72576K, reserved 393216K
  class space    used 9981K, committed 11072K, reserved 327680K
}
Event: 20.149 GC heap before
{Heap before GC invocations=27 (full 0):
 garbage-first heap   total 262144K, used 229120K [0x00000000e0000000, 0x0000000100000000)
  region size 1024K, 153 young (156672K), 11 survivors (11264K)
 Metaspace       used 70289K, committed 72576K, reserved 393216K
  class space    used 9981K, committed 11072K, reserved 327680K
}
Event: 20.156 GC heap after
{Heap after GC invocations=28 (full 0):
 garbage-first heap   total 262144K, used 86014K [0x00000000e0000000, 0x0000000100000000)
  region size 1024K, 12 young (12288K), 12 survivors (12288K)
 Metaspace       used 70289K, committed 72576K, reserved 393216K
  class space    used 9981K, committed 11072K, reserved 327680K
}
Event: 20.713 GC heap before
{Heap before GC invocations=28 (full 0):
 garbage-first heap   total 262144K, used 229374K [0x00000000e0000000, 0x0000000100000000)
  region size 1024K, 153 young (156672K), 12 survivors (12288K)
 Metaspace       used 70289K, committed 72576K, reserved 393216K
  class space    used 9981K, committed 11072K, reserved 327680K
}
Event: 20.724 GC heap after
{Heap after GC invocations=29 (full 0):
 garbage-first heap   total 262144K, used 87866K [0x00000000e0000000, 0x0000000100000000)
  region size 1024K, 11 young (11264K), 11 survivors (11264K)
 Metaspace       used 70289K, committed 72576K, reserved 393216K
  class space    used 9981K, committed 11072K, reserved 327680K
}
Event: 21.430 GC heap before
{Heap before GC invocations=29 (full 0):
 garbage-first heap   total 262144K, used 232250K [0x00000000e0000000, 0x0000000100000000)
  region size 1024K, 153 young (156672K), 11 survivors (11264K)
 Metaspace       used 70583K, committed 72896K, reserved 393216K
  class space    used 10043K, committed 11136K, reserved 327680K
}
Event: 21.439 GC heap after
{Heap after GC invocations=30 (full 0):
 garbage-first heap   total 262144K, used 93432K [0x00000000e0000000, 0x0000000100000000)
  region size 1024K, 16 young (16384K), 16 survivors (16384K)
 Metaspace       used 70583K, committed 72896K, reserved 393216K
  class space    used 10043K, committed 11136K, reserved 327680K
}
Event: 2191.666 GC heap before
{Heap before GC invocations=30 (full 0):
 garbage-first heap   total 262144K, used 254200K [0x00000000e0000000, 0x0000000100000000)
  region size 1024K, 150 young (153600K), 16 survivors (16384K)
 Metaspace       used 75539K, committed 77952K, reserved 458752K
  class space    used 10845K, committed 12032K, reserved 327680K
}
Event: 2191.785 GC heap after
{Heap after GC invocations=31 (full 0):
 garbage-first heap   total 279552K, used 118265K [0x00000000e0000000, 0x0000000100000000)
  region size 1024K, 17 young (17408K), 17 survivors (17408K)
 Metaspace       used 75539K, committed 77952K, reserved 458752K
  class space    used 10845K, committed 12032K, reserved 327680K
}

Dll operation events (15 events):
Event: 0.010 Loaded shared library C:\Program Files\Java\jdk-21\bin\java.dll
Event: 0.042 Loaded shared library C:\Program Files\Java\jdk-21\bin\jsvml.dll
Event: 0.079 Loaded shared library C:\Program Files\Java\jdk-21\bin\zip.dll
Event: 0.084 Loaded shared library C:\Program Files\Java\jdk-21\bin\instrument.dll
Event: 0.089 Loaded shared library C:\Program Files\Java\jdk-21\bin\net.dll
Event: 0.091 Loaded shared library C:\Program Files\Java\jdk-21\bin\nio.dll
Event: 0.094 Loaded shared library C:\Program Files\Java\jdk-21\bin\zip.dll
Event: 0.345 Loaded shared library C:\Program Files\Java\jdk-21\bin\jimage.dll
Event: 0.519 Loaded shared library C:\Program Files\Java\jdk-21\bin\verify.dll
Event: 0.544 Loaded shared library C:\Users\simpa\.gradle\native\660c5614fbf4a5f2a75b1949f50a0caf5cd603558e7d8a26e50b933a0cfb79d1\windows-amd64\native-platform.dll
Event: 0.560 Loaded shared library C:\Users\simpa\.gradle\native\0.2.8\x86_64-windows-gnu\gradle-fileevents.dll
Event: 1.630 Loaded shared library C:\Program Files\Java\jdk-21\bin\management.dll
Event: 1.632 Loaded shared library C:\Program Files\Java\jdk-21\bin\management_ext.dll
Event: 1.760 Loaded shared library C:\Program Files\Java\jdk-21\bin\extnet.dll
Event: 1.961 Loaded shared library C:\Program Files\Java\jdk-21\bin\sunmscapi.dll

Deoptimization events (20 events):
Event: 2197.347 Thread 0x000001aa7ce98980 Uncommon trap: trap_request=0xffffff45 fr.pc=0x000001aa687d0e38 relative=0x00000000000001d8
Event: 2197.347 Thread 0x000001aa7ce98980 Uncommon trap: reason=unstable_if action=reinterpret pc=0x000001aa687d0e38 method=java.util.HashMap.getNode(Ljava/lang/Object;)Ljava/util/HashMap$Node; @ 131 c2
Event: 2197.347 Thread 0x000001aa7ce98980 DEOPT PACKING pc=0x000001aa687d0e38 sp=0x000000493d1f5600
Event: 2197.347 Thread 0x000001aa7ce98980 DEOPT UNPACKING pc=0x000001aa680e7da2 sp=0x000000493d1f5500 mode 2
Event: 2197.359 Thread 0x000001aa7ce98980 Uncommon trap: trap_request=0xffffff45 fr.pc=0x000001aa691a3470 relative=0x00000000000005d0
Event: 2197.359 Thread 0x000001aa7ce98980 Uncommon trap: reason=unstable_if action=reinterpret pc=0x000001aa691a3470 method=groovyjarjarantlr4.v4.runtime.atn.ParserATNSimulator.getEpsilonTarget(Lgroovyjarjarantlr4/v4/runtime/atn/ATNConfig;Lgroovyjarjarantlr4/v4/runtime/atn/Transition;ZZLgroovyjar
Event: 2197.359 Thread 0x000001aa7ce98980 DEOPT PACKING pc=0x000001aa691a3470 sp=0x000000493d1f4130
Event: 2197.359 Thread 0x000001aa7ce98980 DEOPT UNPACKING pc=0x000001aa680e7da2 sp=0x000000493d1f40d8 mode 2
Event: 2197.403 Thread 0x000001aa7ce98980 Uncommon trap: trap_request=0xffffff45 fr.pc=0x000001aa691aa394 relative=0x0000000000002334
Event: 2197.403 Thread 0x000001aa7ce98980 Uncommon trap: reason=unstable_if action=reinterpret pc=0x000001aa691aa394 method=groovyjarjarantlr4.v4.runtime.atn.ParserATNSimulator.closure(Lgroovyjarjarantlr4/v4/runtime/atn/ATNConfig;Lgroovyjarjarantlr4/v4/runtime/atn/ATNConfigSet;Lgroovyjarjarantlr4
Event: 2197.403 Thread 0x000001aa7ce98980 DEOPT PACKING pc=0x000001aa691aa394 sp=0x000000493d1f4c20
Event: 2197.403 Thread 0x000001aa7ce98980 DEOPT UNPACKING pc=0x000001aa680e7da2 sp=0x000000493d1f4bb8 mode 2
Event: 2197.435 Thread 0x000001aa7ce98980 Uncommon trap: trap_request=0xffffff45 fr.pc=0x000001aa6919cb00 relative=0x00000000000000e0
Event: 2197.435 Thread 0x000001aa7ce98980 Uncommon trap: reason=unstable_if action=reinterpret pc=0x000001aa6919cb00 method=java.util.BitSet.get(I)Z @ 60 c2
Event: 2197.435 Thread 0x000001aa7ce98980 DEOPT PACKING pc=0x000001aa6919cb00 sp=0x000000493d1f5040
Event: 2197.435 Thread 0x000001aa7ce98980 DEOPT UNPACKING pc=0x000001aa680e7da2 sp=0x000000493d1f4fd8 mode 2
Event: 2197.444 Thread 0x000001aa7ce98980 Uncommon trap: trap_request=0xffffff45 fr.pc=0x000001aa686e350c relative=0x0000000000001a8c
Event: 2197.444 Thread 0x000001aa7ce98980 Uncommon trap: reason=unstable_if action=reinterpret pc=0x000001aa686e350c method=java.util.HashMap.putVal(ILjava/lang/Object;Ljava/lang/Object;ZZ)Ljava/lang/Object; @ 109 c2
Event: 2197.444 Thread 0x000001aa7ce98980 DEOPT PACKING pc=0x000001aa686e350c sp=0x000000493d1f4b90
Event: 2198.446 Thread 0x000001aa7ce98980 DEOPT UNPACKING pc=0x000001aa680e7da2 sp=0x000000493d1f4a50 mode 2

Classes loaded (20 events):
Event: 2188.347 Loading class sun/nio/fs/WindowsFileCopy
Event: 2188.353 Loading class sun/nio/fs/WindowsFileCopy done
Event: 2189.935 Loading class java/util/concurrent/Executors$AutoShutdownDelegatedExecutorService
Event: 2189.937 Loading class java/util/concurrent/Executors$DelegatedExecutorService
Event: 2189.939 Loading class java/util/concurrent/Executors$DelegatedExecutorService done
Event: 2189.939 Loading class java/util/concurrent/Executors$AutoShutdownDelegatedExecutorService done
Event: 2190.737 Loading class java/util/concurrent/locks/StampedLock
Event: 2190.743 Loading class java/util/concurrent/locks/StampedLock done
Event: 2191.554 Loading class java/lang/Byte$ByteCache
Event: 2191.555 Loading class java/lang/Byte$ByteCache done
Event: 2191.593 Loading class java/util/EmptyStackException
Event: 2191.593 Loading class java/util/EmptyStackException done
Event: 2191.633 Loading class java/io/InvalidClassException
Event: 2191.633 Loading class java/io/InvalidClassException done
Event: 2192.100 Loading class java/util/concurrent/locks/ReentrantReadWriteLock$FairSync
Event: 2192.100 Loading class java/util/concurrent/locks/ReentrantReadWriteLock$FairSync done
Event: 2197.319 Loading class java/util/concurrent/atomic/AtomicIntegerArray
Event: 2197.319 Loading class java/util/concurrent/atomic/AtomicIntegerArray done
Event: 2197.320 Loading class java/lang/invoke/VarHandleInts$Array
Event: 2197.321 Loading class java/lang/invoke/VarHandleInts$Array done

Classes unloaded (0 events):
No events

Classes redefined (0 events):
No events

Internal exceptions (20 events):
Event: 2189.649 Thread 0x000001aa7ce98980 Exception <a 'java/lang/NoSuchMethodError'{0x00000000e9f5b838}: static Lorg/jetbrains/plugins/gradle/model/GradleExtensions;.<clinit>()V> (0x00000000e9f5b838) 
thrown [s\open\src\hotspot\share\prims\jni.cpp, line 1106]
Event: 2189.652 Thread 0x000001aa7ce98980 Exception <a 'java/lang/NoSuchMethodError'{0x00000000e9f6b5a8}: static Lorg/jetbrains/plugins/gradle/model/tests/ExternalTestsModel;.<clinit>()V> (0x00000000e9f6b5a8) 
thrown [s\open\src\hotspot\share\prims\jni.cpp, line 1106]
Event: 2189.655 Thread 0x000001aa7ce98980 Exception <a 'java/lang/NoSuchMethodError'{0x00000000e9f7cc08}: static Lorg/jetbrains/plugins/gradle/model/IntelliJProjectSettings;.<clinit>()V> (0x00000000e9f7cc08) 
thrown [s\open\src\hotspot\share\prims\jni.cpp, line 1106]
Event: 2189.656 Thread 0x000001aa7ce98980 Exception <a 'java/lang/NoSuchMethodError'{0x00000000e9f89268}: static Lorg/jetbrains/plugins/gradle/model/IntelliJSettings;.<clinit>()V> (0x00000000e9f89268) 
thrown [s\open\src\hotspot\share\prims\jni.cpp, line 1106]
Event: 2189.658 Thread 0x000001aa7ce98980 Exception <a 'java/lang/NoSuchMethodError'{0x00000000e9f982e0}: static Lorg/jetbrains/plugins/gradle/model/DependencyAccessorsModel;.<clinit>()V> (0x00000000e9f982e0) 
thrown [s\open\src\hotspot\share\prims\jni.cpp, line 1106]
Event: 2189.666 Thread 0x000001aa7ce98980 Exception <a 'java/lang/NoSuchMethodError'{0x00000000e9fc3ca0}: static Lcom/intellij/gradle/toolingExtension/impl/model/taskModel/GradleTaskModelProvider;.<clinit>()V> (0x00000000e9fc3ca0) 
thrown [s\open\src\hotspot\share\prims\jni.cpp, line 1106]
Event: 2189.668 Thread 0x000001aa7ce98980 Exception <a 'java/lang/NoSuchMethodError'{0x00000000e9fdae10}: static Lcom/intellij/gradle/toolingExtension/impl/model/buildScriptClasspathModel/GradleBuildScriptClasspathModelProvider;.<clinit>()V> (0x00000000e9fdae10) 
thrown [s\open\src\hotspot\share\prims\jni.cpp, line 1106]
Event: 2189.671 Thread 0x000001aa7ce98980 Exception <a 'java/lang/NoSuchMethodError'{0x00000000e9febf90}: static Lorg/jetbrains/plugins/gradle/model/ExternalProjectDependency;.<clinit>()V> (0x00000000e9febf90) 
thrown [s\open\src\hotspot\share\prims\jni.cpp, line 1106]
Event: 2189.673 Thread 0x000001aa7ce98980 Exception <a 'java/lang/NoSuchMethodError'{0x00000000e9ffdab8}: static Lorg/jetbrains/plugins/gradle/model/ExternalLibraryDependency;.<clinit>()V> (0x00000000e9ffdab8) 
thrown [s\open\src\hotspot\share\prims\jni.cpp, line 1106]
Event: 2189.676 Thread 0x000001aa7ce98980 Exception <a 'java/lang/NoSuchMethodError'{0x00000000e9e0be40}: static Lorg/jetbrains/plugins/gradle/model/FileCollectionDependency;.<clinit>()V> (0x00000000e9e0be40) 
thrown [s\open\src\hotspot\share\prims\jni.cpp, line 1106]
Event: 2189.677 Thread 0x000001aa7ce98980 Exception <a 'java/lang/NoSuchMethodError'{0x00000000e9e19900}: static Lorg/jetbrains/plugins/gradle/model/UnresolvedExternalDependency;.<clinit>()V> (0x00000000e9e19900) 
thrown [s\open\src\hotspot\share\prims\jni.cpp, line 1106]
Event: 2189.715 Thread 0x000001aa7ce98980 Exception <a 'java/lang/NoSuchMethodError'{0x00000000e9eceb40}: static Lorg/gradle/tooling/internal/consumer/versioning/VersionDetails;.<clinit>()V> (0x00000000e9eceb40) 
thrown [s\open\src\hotspot\share\prims\jni.cpp, line 1106]
Event: 2189.715 Thread 0x000001aa7ce98980 Exception <a 'java/lang/NoSuchMethodError'{0x00000000e9ed1598}: static Lorg/gradle/tooling/internal/consumer/versioning/VersionDetails$R26VersionDetails;.<clinit>()V> (0x00000000e9ed1598) 
thrown [s\open\src\hotspot\share\prims\jni.cpp, line 1106]
Event: 2189.715 Thread 0x000001aa7ce98980 Exception <a 'java/lang/NoSuchMethodError'{0x00000000e9ed2bb0}: static Lorg/gradle/tooling/internal/consumer/versioning/VersionDetails$R28VersionDetails;.<clinit>()V> (0x00000000e9ed2bb0) 
thrown [s\open\src\hotspot\share\prims\jni.cpp, line 1106]
Event: 2189.715 Thread 0x000001aa7ce98980 Exception <a 'java/lang/NoSuchMethodError'{0x00000000e9ed4118}: static Lorg/gradle/tooling/internal/consumer/versioning/VersionDetails$R35VersionDetails;.<clinit>()V> (0x00000000e9ed4118) 
thrown [s\open\src\hotspot\share\prims\jni.cpp, line 1106]
Event: 2189.715 Thread 0x000001aa7ce98980 Exception <a 'java/lang/NoSuchMethodError'{0x00000000e9ed5848}: static Lorg/gradle/tooling/internal/consumer/versioning/VersionDetails$R44VersionDetails;.<clinit>()V> (0x00000000e9ed5848) 
thrown [s\open\src\hotspot\share\prims\jni.cpp, line 1106]
Event: 2189.715 Thread 0x000001aa7ce98980 Exception <a 'java/lang/NoSuchMethodError'{0x00000000e9ed6eb0}: static Lorg/gradle/tooling/internal/consumer/versioning/VersionDetails$R48VersionDetails;.<clinit>()V> (0x00000000e9ed6eb0) 
thrown [s\open\src\hotspot\share\prims\jni.cpp, line 1106]
Event: 2189.715 Thread 0x000001aa7ce98980 Exception <a 'java/lang/NoSuchMethodError'{0x00000000e9ed83b8}: static Lorg/gradle/tooling/internal/consumer/versioning/VersionDetails$R51VersionDetails;.<clinit>()V> (0x00000000e9ed83b8) 
thrown [s\open\src\hotspot\share\prims\jni.cpp, line 1106]
Event: 2190.949 Thread 0x000001aa7ce98980 Implicit null exception at 0x000001aa68d5157d to 0x000001aa68d523dc
Event: 2197.295 Thread 0x000001aa7ce98980 Implicit null exception at 0x000001aa6909f26f to 0x000001aa6909f2fc

ZGC Phase Switch (0 events):
No events

VM Operations (20 events):
Event: 2191.664 Executing VM operation: G1CollectForAllocation (G1 Evacuation Pause)
Event: 2191.785 Executing VM operation: G1CollectForAllocation (G1 Evacuation Pause) done
Event: 2192.088 Executing VM operation: HandshakeAllThreads (Deoptimize)
Event: 2192.088 Executing VM operation: HandshakeAllThreads (Deoptimize) done
Event: 2192.103 Executing VM operation: HandshakeAllThreads (Deoptimize)
Event: 2192.103 Executing VM operation: HandshakeAllThreads (Deoptimize) done
Event: 2193.113 Executing VM operation: Cleanup
Event: 2193.113 Executing VM operation: Cleanup done
Event: 2197.314 Executing VM operation: HandshakeAllThreads (Deoptimize)
Event: 2197.314 Executing VM operation: HandshakeAllThreads (Deoptimize) done
Event: 2197.314 Executing VM operation: Cleanup
Event: 2197.314 Executing VM operation: Cleanup done
Event: 2197.329 Executing VM operation: HandshakeAllThreads (Deoptimize)
Event: 2197.329 Executing VM operation: HandshakeAllThreads (Deoptimize) done
Event: 2197.358 Executing VM operation: HandshakeAllThreads (Deoptimize)
Event: 2197.358 Executing VM operation: HandshakeAllThreads (Deoptimize) done
Event: 2198.366 Executing VM operation: Cleanup
Event: 2198.462 Executing VM operation: Cleanup done
Event: 2199.465 Executing VM operation: Cleanup
Event: 2199.466 Executing VM operation: Cleanup done

Events (20 events):
Event: 470.504 Thread 0x000001aa797d30b0 Thread exited: 0x000001aa797d30b0
Event: 470.747 Thread 0x000001aa7ce96f40 Thread exited: 0x000001aa7ce96f40
Event: 477.259 Thread 0x000001aa7ce97c60 Thread exited: 0x000001aa7ce97c60
Event: 2184.976 Thread 0x000001aa7ce996a0 Thread added: 0x000001aa7ce996a0
Event: 2185.031 Thread 0x000001aa7ce97c60 Thread added: 0x000001aa7ce97c60
Event: 2186.616 Thread 0x000001aa7ce96f40 Thread added: 0x000001aa7ce96f40
Event: 2186.646 Thread 0x000001aa7ce98980 Thread added: 0x000001aa7ce98980
Event: 2186.679 Thread 0x000001aa7ce9aa50 Thread added: 0x000001aa7ce9aa50
Event: 2186.901 Thread 0x000001aa7ce9a3c0 Thread added: 0x000001aa7ce9a3c0
Event: 2186.905 Thread 0x000001aa7ce99010 Thread added: 0x000001aa7ce99010
Event: 2187.394 Thread 0x000001aa7ce99d30 Thread added: 0x000001aa7ce99d30
Event: 2187.406 Thread 0x000001aa7ce975d0 Thread added: 0x000001aa7ce975d0
Event: 2188.326 Thread 0x000001aa7ce9b770 Thread added: 0x000001aa7ce9b770
Event: 2188.327 Thread 0x000001aa7ce9d840 Thread added: 0x000001aa7ce9d840
Event: 2188.328 Thread 0x000001aa7ce9d1b0 Thread added: 0x000001aa7ce9d1b0
Event: 2188.328 Thread 0x000001aa7ce9c490 Thread added: 0x000001aa7ce9c490
Event: 2190.362 Thread 0x000001aa7ce9ded0 Thread added: 0x000001aa7ce9ded0
Event: 2190.472 Thread 0x000001aa7ce9be00 Thread added: 0x000001aa7ce9be00
Event: 2190.498 Thread 0x000001aa7ce9b0e0 Thread added: 0x000001aa7ce9b0e0
Event: 2199.466 Thread 0x000001aa7cd0eb00 Thread added: 0x000001aa7cd0eb00


Dynamic libraries:
0x00007ff69e5a0000 - 0x00007ff69e5b0000 	C:\Program Files\Java\jdk-21\bin\java.exe
0x00007ffc5b060000 - 0x00007ffc5b2c7000 	C:\WINDOWS\SYSTEM32\ntdll.dll
0x00007ffc5ade0000 - 0x00007ffc5aea9000 	C:\WINDOWS\System32\KERNEL32.DLL
0x00007ffc58720000 - 0x00007ffc58b0f000 	C:\WINDOWS\System32\KERNELBASE.dll
0x00007ffc58320000 - 0x00007ffc5846b000 	C:\WINDOWS\System32\ucrtbase.dll
0x00007ffc44eb0000 - 0x00007ffc44ecb000 	C:\Program Files\Java\jdk-21\bin\VCRUNTIME140.dll
0x00007ffc2e760000 - 0x00007ffc2e779000 	C:\Program Files\Java\jdk-21\bin\jli.dll
0x00007ffc5a480000 - 0x00007ffc5a534000 	C:\WINDOWS\System32\ADVAPI32.dll
0x00007ffc5ad30000 - 0x00007ffc5add9000 	C:\WINDOWS\System32\msvcrt.dll
0x00007ffc58e00000 - 0x00007ffc58ea6000 	C:\WINDOWS\System32\sechost.dll
0x00007ffc597d0000 - 0x00007ffc598e8000 	C:\WINDOWS\System32\RPCRT4.dll
0x00007ffc5a640000 - 0x00007ffc5a805000 	C:\WINDOWS\System32\USER32.dll
0x00007ffc58c90000 - 0x00007ffc58cb7000 	C:\WINDOWS\System32\win32u.dll
0x00007ffc5a810000 - 0x00007ffc5a83b000 	C:\WINDOWS\System32\GDI32.dll
0x00007ffc3a440000 - 0x00007ffc3a6d3000 	C:\WINDOWS\WinSxS\amd64_microsoft.windows.common-controls_6595b64144ccf1df_6.0.26100.7309_none_3e05feeae336a044\COMCTL32.dll
0x00007ffc58470000 - 0x00007ffc5859c000 	C:\WINDOWS\System32\gdi32full.dll
0x00007ffc58270000 - 0x00007ffc58313000 	C:\WINDOWS\System32\msvcp_win.dll
0x00007ffc4f2d0000 - 0x00007ffc4f2db000 	C:\WINDOWS\SYSTEM32\VERSION.dll
0x00007ffc5ac70000 - 0x00007ffc5aca1000 	C:\WINDOWS\System32\IMM32.DLL
0x00007ffc45150000 - 0x00007ffc4515c000 	C:\Program Files\Java\jdk-21\bin\vcruntime140_1.dll
0x00007ffc244c0000 - 0x00007ffc2454e000 	C:\Program Files\Java\jdk-21\bin\msvcp140.dll
0x00007ffbc9ac0000 - 0x00007ffbca7d7000 	C:\Program Files\Java\jdk-21\bin\server\jvm.dll
0x00007ffc5a400000 - 0x00007ffc5a474000 	C:\WINDOWS\System32\WS2_32.dll
0x00007ffc58010000 - 0x00007ffc5806e000 	C:\WINDOWS\SYSTEM32\POWRPROF.dll
0x00007ffc4fa80000 - 0x00007ffc4fab5000 	C:\WINDOWS\SYSTEM32\WINMM.dll
0x00007ffc57ff0000 - 0x00007ffc58004000 	C:\WINDOWS\SYSTEM32\UMPDC.dll
0x00007ffc56f60000 - 0x00007ffc56f7b000 	C:\WINDOWS\SYSTEM32\kernel.appcore.dll
0x00007ffc42570000 - 0x00007ffc4257a000 	C:\Program Files\Java\jdk-21\bin\jimage.dll
0x00007ffc55800000 - 0x00007ffc55a42000 	C:\WINDOWS\SYSTEM32\DBGHELP.DLL
0x00007ffc5a840000 - 0x00007ffc5abc5000 	C:\WINDOWS\System32\combase.dll
0x00007ffc5a180000 - 0x00007ffc5a256000 	C:\WINDOWS\System32\OLEAUT32.dll
0x00007ffc37f80000 - 0x00007ffc37fbc000 	C:\WINDOWS\SYSTEM32\dbgcore.DLL
0x00007ffc58cc0000 - 0x00007ffc58d65000 	C:\WINDOWS\System32\bcryptPrimitives.dll
0x00007ffc363c0000 - 0x00007ffc363cf000 	C:\Program Files\Java\jdk-21\bin\instrument.dll
0x00007ffc41f80000 - 0x00007ffc41f9f000 	C:\Program Files\Java\jdk-21\bin\java.dll
0x00007ffc58f10000 - 0x00007ffc59663000 	C:\WINDOWS\System32\SHELL32.dll
0x00007ffc58b20000 - 0x00007ffc58c8a000 	C:\WINDOWS\System32\wintypes.dll
0x00007ffc55d80000 - 0x00007ffc565de000 	C:\WINDOWS\SYSTEM32\windows.storage.dll
0x00007ffc596d0000 - 0x00007ffc597c5000 	C:\WINDOWS\System32\SHCORE.dll
0x00007ffc5ac00000 - 0x00007ffc5ac66000 	C:\WINDOWS\System32\shlwapi.dll
0x00007ffc580d0000 - 0x00007ffc580f9000 	C:\WINDOWS\SYSTEM32\profapi.dll
0x00007ffc0af00000 - 0x00007ffc0afd7000 	C:\Program Files\Java\jdk-21\bin\jsvml.dll
0x00007ffc366b0000 - 0x00007ffc366c8000 	C:\Program Files\Java\jdk-21\bin\zip.dll
0x00007ffc3c050000 - 0x00007ffc3c060000 	C:\Program Files\Java\jdk-21\bin\net.dll
0x00007ffc52210000 - 0x00007ffc52338000 	C:\WINDOWS\SYSTEM32\WINHTTP.dll
0x00007ffc574d0000 - 0x00007ffc5753b000 	C:\WINDOWS\system32\mswsock.dll
0x00007ffc36880000 - 0x00007ffc36896000 	C:\Program Files\Java\jdk-21\bin\nio.dll
0x00007ffc3c040000 - 0x00007ffc3c050000 	C:\Program Files\Java\jdk-21\bin\verify.dll
0x00007ffc2e600000 - 0x00007ffc2e627000 	C:\Users\simpa\.gradle\native\660c5614fbf4a5f2a75b1949f50a0caf5cd603558e7d8a26e50b933a0cfb79d1\windows-amd64\native-platform.dll
0x00007ffc0ae80000 - 0x00007ffc0aef7000 	C:\Users\simpa\.gradle\native\0.2.8\x86_64-windows-gnu\gradle-fileevents.dll
0x00007ffc36870000 - 0x00007ffc3687a000 	C:\Program Files\Java\jdk-21\bin\management.dll
0x00007ffc364e0000 - 0x00007ffc364eb000 	C:\Program Files\Java\jdk-21\bin\management_ext.dll
0x00007ffc58ef0000 - 0x00007ffc58ef8000 	C:\WINDOWS\System32\PSAPI.DLL
0x00007ffc56970000 - 0x00007ffc569a4000 	C:\WINDOWS\SYSTEM32\IPHLPAPI.DLL
0x00007ffc58f00000 - 0x00007ffc58f0a000 	C:\WINDOWS\System32\NSI.dll
0x00007ffc39360000 - 0x00007ffc39369000 	C:\Program Files\Java\jdk-21\bin\extnet.dll
0x00007ffc57790000 - 0x00007ffc577ab000 	C:\WINDOWS\SYSTEM32\CRYPTSP.dll
0x00007ffc56ec0000 - 0x00007ffc56efa000 	C:\WINDOWS\system32\rsaenh.dll
0x00007ffc57580000 - 0x00007ffc575ab000 	C:\WINDOWS\SYSTEM32\USERENV.dll
0x00007ffc580a0000 - 0x00007ffc580ca000 	C:\WINDOWS\SYSTEM32\bcrypt.dll
0x00007ffc577b0000 - 0x00007ffc577bc000 	C:\WINDOWS\SYSTEM32\CRYPTBASE.dll
0x00007ffc36a30000 - 0x00007ffc36a3e000 	C:\Program Files\Java\jdk-21\bin\sunmscapi.dll
0x00007ffc585a0000 - 0x00007ffc58717000 	C:\WINDOWS\System32\CRYPT32.dll
0x00007ffc579b0000 - 0x00007ffc579e0000 	C:\WINDOWS\SYSTEM32\ncrypt.dll
0x00007ffc57960000 - 0x00007ffc5799f000 	C:\WINDOWS\SYSTEM32\NTASN1.dll
0x00007ffc52d80000 - 0x00007ffc52d88000 	C:\WINDOWS\system32\wshunix.dll
0x00007ffc57080000 - 0x00007ffc570b6000 	C:\WINDOWS\SYSTEM32\ntmarta.dll

dbghelp: loaded successfully - version: 4.0.5 - missing functions: none
symbol engine: initialized successfully - sym options: 0x614 - pdb path: .;C:\Program Files\Java\jdk-21\bin;C:\WINDOWS\SYSTEM32;C:\WINDOWS\WinSxS\amd64_microsoft.windows.common-controls_6595b64144ccf1df_6.0.26100.7309_none_3e05feeae336a044;C:\Program Files\Java\jdk-21\bin\server;C:\Users\simpa\.gradle\native\660c5614fbf4a5f2a75b1949f50a0caf5cd603558e7d8a26e50b933a0cfb79d1\windows-amd64;C:\Users\simpa\.gradle\native\0.2.8\x86_64-windows-gnu

VM Arguments:
jvm_args: --add-opens=java.base/java.lang=ALL-UNNAMED --add-opens=java.base/java.lang.invoke=ALL-UNNAMED --add-opens=java.base/java.util=ALL-UNNAMED --add-opens=java.prefs/java.util.prefs=ALL-UNNAMED --add-exports=jdk.compiler/com.sun.tools.javac.api=ALL-UNNAMED --add-exports=jdk.compiler/com.sun.tools.javac.util=ALL-UNNAMED --add-opens=java.base/java.util=ALL-UNNAMED --add-opens=java.prefs/java.util.prefs=ALL-UNNAMED --add-opens=java.base/java.nio.charset=ALL-UNNAMED --add-opens=java.base/java.net=ALL-UNNAMED --add-opens=java.base/java.util.concurrent=ALL-UNNAMED --add-opens=java.base/java.util.concurrent.atomic=ALL-UNNAMED --add-opens=java.xml/javax.xml.namespace=ALL-UNNAMED --add-opens=java.base/java.time=ALL-UNNAMED -XX:MaxMetaspaceSize=384m -XX:+HeapDumpOnOutOfMemoryError -Xms256m -Xmx512m -Dfile.encoding=UTF-8 -Duser.country=FR -Duser.language=fr -Duser.variant -javaagent:C:\Users\simpa\.gradle\wrapper\dists\gradle-9.2.1-bin\2t0n5ozlw9xmuyvbp7dnzaxug\gradle-9.2.1\lib\agents\gradle-instrumentation-agent-9.2.1.jar 
java_command: org.gradle.launcher.daemon.bootstrap.GradleDaemon 9.2.1
java_class_path (initial): C:\Users\simpa\.gradle\wrapper\dists\gradle-9.2.1-bin\2t0n5ozlw9xmuyvbp7dnzaxug\gradle-9.2.1\lib\gradle-daemon-main-9.2.1.jar
Launcher Type: SUN_STANDARD

[Global flags]
     intx CICompilerCount                          = 4                                         {product} {ergonomic}
   size_t CompressedClassSpaceSize                 = 335544320                                 {product} {ergonomic}
     uint ConcGCThreads                            = 2                                         {product} {ergonomic}
     uint G1ConcRefinementThreads                  = 8                                         {product} {ergonomic}
   size_t G1HeapRegionSize                         = 1048576                                   {product} {ergonomic}
    uintx GCDrainStackTargetSize                   = 64                                        {product} {ergonomic}
     bool HeapDumpOnOutOfMemoryError               = true                                   {manageable} {command line}
   size_t InitialHeapSize                          = 268435456                                 {product} {command line}
   size_t MarkStackSize                            = 4194304                                   {product} {ergonomic}
   size_t MaxHeapSize                              = 536870912                                 {product} {command line}
   size_t MaxMetaspaceSize                         = 402653184                                 {product} {command line}
   size_t MaxNewSize                               = 321912832                                 {product} {ergonomic}
   size_t MinHeapDeltaBytes                        = 1048576                                   {product} {ergonomic}
   size_t MinHeapSize                              = 268435456                                 {product} {command line}
    uintx NonNMethodCodeHeapSize                   = 5839372                                {pd product} {ergonomic}
    uintx NonProfiledCodeHeapSize                  = 122909434                              {pd product} {ergonomic}
    uintx ProfiledCodeHeapSize                     = 122909434                              {pd product} {ergonomic}
    uintx ReservedCodeCacheSize                    = 251658240                              {pd product} {ergonomic}
     bool SegmentedCodeCache                       = true                                      {product} {ergonomic}
   size_t SoftMaxHeapSize                          = 536870912                              {manageable} {ergonomic}
     bool UseCompressedOops                        = true                           {product lp64_product} {ergonomic}
     bool UseG1GC                                  = true                                      {product} {ergonomic}
     bool UseLargePagesIndividualAllocation        = false                                  {pd product} {ergonomic}

Logging:
Log output configuration:
 #0: stdout all=warning uptime,level,tags foldmultilines=false
 #1: stderr all=off uptime,level,tags foldmultilines=false

Environment Variables:
PATH=C:\Python314\Scripts\;C:\Python314\;C:\Program Files\Common Files\Oracle\Java\javapath;C:\Users\simpa\AppData\Local\Programs\Python\Python36\Scripts\;C:\Users\simpa\AppData\Local\Programs\Python\Python36\;C:\Program Files\Python36\Scripts\;C:\Program Files\Python36\;C:\Program Files (x86)\Common Files\Oracle\Java\javapath;C:\WINDOWS\system32;C:\WINDOWS;C:\WINDOWS\System32\Wbem;C:\WINDOWS\System32\WindowsPowerShell\v1.0\;C:\WINDOWS\System32\OpenSSH\;C:\ProgramData\ComposerSetup\bin;C:\Users\simpa\OneDrive\Bureau;C:\Program Files\PHP;C:\MAMP\bin\php\php7.2.14;C:\Program Files (x86)\Git\cmd;C:\ProgramData\chocolatey\bin;C:\Program Files\Docker\Docker\resources\bin;C:\Program Files\HP\HP One Agent;C:\WINDOWS\system32;C:\WINDOWS;C:\WINDOWS\System32\Wbem;C:\WINDOWS\System32\WindowsPowerShell\v1.0\;C:\WINDOWS\System32\OpenSSH\;C:\Users\simpa\;C:\Users\simpa\AppData\Local\Programs\Python\Python312\Scripts\;C:\Users\simpa\AppData\Local\Programs\Python\Python312\;C:\Users\simpa\AppData\Local\Microsoft\WindowsApps;C:\Users\simpa\AppData\Local\Programs\Microsoft VS Code\bin;C:\Program Files\PHP;C:\Program Files\JetBrains\IntelliJ IDEA 2022.2.3\bin;;C:\Users\simpa\AppData\Roaming\Composer\vendor\bin;C:\Program Files\MongoDB\Server\6.0\bin;C:\Users\simpa\AppData\Local\GitHubDesktop\bin;C:\MinGW\bin;C:\Program Files\Java\jre1.8.0_361\bin;;C:\Program Files\JetBrains\PyCharm Community Edition 2023.3\bin;;C:\Users\simpa\AppData\Roaming\npm
USERNAME=simpa
LANG=fr_FR.UTF-8
OS=Windows_NT
PROCESSOR_IDENTIFIER=Intel64 Family 6 Model 140 Stepping 1, GenuineIntel
TMP=C:\Users\simpa\AppData\Local\Temp
TEMP=C:\Users\simpa\AppData\Local\Temp




Periodic native trim disabled

---------------  S Y S T E M  ---------------

OS:
 Windows 11 , 64 bit Build 26100 (10.0.26100.7309)
OS uptime: 7 days 11:28 hours
Hyper-V role detected

CPU: total 8 (initial active 8) (4 cores per cpu, 2 threads per core) family 6 model 140 stepping 1 microcode 0xac, cx8, cmov, fxsr, ht, mmx, 3dnowpref, sse, sse2, sse3, ssse3, sse4.1, sse4.2, popcnt, lzcnt, tsc, tscinvbit, avx, avx2, aes, erms, clmul, bmi1, bmi2, adx, avx512f, avx512dq, avx512cd, avx512bw, avx512vl, sha, fma, vzeroupper, avx512_vpopcntdq, avx512_vpclmulqdq, avx512_vaes, avx512_vnni, clflush, clflushopt, clwb, avx512_vbmi2, avx512_vbmi, hv, rdtscp, rdpid, fsrm, gfni, avx512_bitalg, f16c, cet_ibt, cet_ss, avx512_ifma
Processor Information for all 8 processors :
  Max Mhz: 2419, Current Mhz: 2419, Mhz Limit: 2419

Memory: 4k page, system-wide physical 7957M (333M free)
TotalPageFile size 32533M (AvailPageFile size 0M)
current process WorkingSet (physical memory assigned to process): 283M, peak: 520M
current process commit charge ("private bytes"): 553M, peak: 586M

vm_info: Java HotSpot(TM) 64-Bit Server VM (21.0.2+13-LTS-58) for windows-amd64 JRE (21.0.2+13-LTS-58), built on 2024-01-05T18:32:24Z by "mach5one" with MS VC++ 17.1 (VS2022)

END.
